2025-09-13 01:25:31 [INFO] Запуск бота...
2025-09-13 01:25:36 [INFO] Бот заспавнился
2025-09-13 01:26:17 [INFO] Запуск бота...
2025-09-13 01:26:22 [INFO] Бот заспавнился
2025-09-13 01:27:22 [INFO] Запуск бота...
2025-09-13 01:27:27 [INFO] Бот заспавнился
2025-09-13 01:27:59 [INFO] Команда от Smidvard: guard
2025-09-13 01:28:00 [INFO] Ищу врагов
2025-09-13 01:28:00 [INFO] Врага нашел
2025-09-13 01:28:04 [INFO] Этого врага не достать, ищу нового врага
2025-09-13 01:28:05 [INFO] Ищу врагов
2025-09-13 01:28:05 [INFO] Врага нашел
2025-09-13 01:28:05 [INFO] Враг вне зоны патрулирования
2025-09-13 01:28:05 [INFO] Возвращаюсь в центр
2025-09-13 01:28:06 [INFO] Достигнуто место патрулирования
2025-09-13 01:28:06 [INFO] Ищу врагов
2025-09-13 01:28:06 [INFO] Врага нашел
2025-09-13 01:28:06 [INFO] Враг вне зоны патрулирования
2025-09-13 01:28:07 [INFO] Ищу врагов
2025-09-13 01:28:07 [INFO] Врага нашел
2025-09-13 01:28:07 [INFO] Враг вне зоны патрулирования
2025-09-13 01:28:08 [INFO] Ищу врагов
2025-09-13 01:28:08 [INFO] Врага нашел
2025-09-13 01:28:08 [INFO] Враг вне зоны патрулирования
2025-09-13 01:28:09 [INFO] Ищу врагов
2025-09-13 01:28:09 [INFO] Врага нашел
2025-09-13 01:28:13 [INFO] Убил моба
2025-09-13 01:28:14 [INFO] Ищу врагов
2025-09-13 01:28:14 [INFO] Врага нашел
2025-09-13 01:28:14 [INFO] Враг вне зоны патрулирования
2025-09-13 01:28:14 [INFO] Возвращаюсь в центр
2025-09-13 01:28:15 [INFO] Ищу врагов
2025-09-13 01:28:15 [INFO] Врага нашел
2025-09-13 01:28:15 [INFO] Враг вне зоны патрулирования
2025-09-13 01:28:17 [INFO] Ищу врагов
2025-09-13 01:28:17 [INFO] Врага нашел
2025-09-13 01:28:21 [INFO] Убил моба
2025-09-13 01:28:22 [INFO] Ищу врагов
2025-09-13 01:28:22 [INFO] Врага нашел
2025-09-13 01:28:22 [INFO] Враг вне зоны патрулирования
2025-09-13 01:28:22 [INFO] Возвращаюсь в центр
2025-09-13 01:28:23 [INFO] Ищу врагов
2025-09-13 01:28:23 [INFO] Врага нашел
2025-09-13 01:28:23 [INFO] Враг вне зоны патрулирования
2025-09-13 01:28:24 [INFO] Ищу врагов
2025-09-13 01:28:24 [INFO] Врага нашел
2025-09-13 01:28:27 [INFO] Убил моба
2025-09-13 01:28:28 [INFO] Ищу врагов
2025-09-13 01:28:28 [INFO] Врага нашел
2025-09-13 01:28:32 [INFO] Убил моба
2025-09-13 01:28:33 [INFO] Ищу врагов
2025-09-13 01:28:33 [INFO] Врага нашел
2025-09-13 01:28:33 [INFO] Враг вне зоны патрулирования
2025-09-13 01:28:33 [INFO] Возвращаюсь в центр
2025-09-13 01:28:34 [INFO] Ищу врагов
2025-09-13 01:28:34 [INFO] Врага нашел
2025-09-13 01:28:34 [INFO] Враг вне зоны патрулирования
2025-09-13 01:28:35 [INFO] Достигнуто место патрулирования
2025-09-13 01:28:35 [INFO] Ищу врагов
2025-09-13 01:28:35 [INFO] Врага нашел
2025-09-13 01:28:39 [INFO] Убил моба
2025-09-13 01:28:40 [INFO] Ищу врагов
2025-09-13 01:28:40 [INFO] Врага нашел
2025-09-13 01:28:40 [INFO] Враг вне зоны патрулирования
2025-09-13 01:28:40 [INFO] Возвращаюсь в центр
2025-09-13 01:28:41 [INFO] Ищу врагов
2025-09-13 01:28:41 [INFO] Врага нашел
2025-09-13 01:28:41 [INFO] Враг вне зоны патрулирования
2025-09-13 01:28:42 [INFO] Достигнуто место патрулирования
2025-09-13 01:28:42 [INFO] Ищу врагов
2025-09-13 01:28:42 [INFO] Врага нашел
2025-09-13 01:28:42 [INFO] Враг вне зоны патрулирования
2025-09-13 01:28:43 [INFO] Ищу врагов
2025-09-13 01:28:43 [INFO] Врага нашел
2025-09-13 01:28:43 [INFO] Враг вне зоны патрулирования
2025-09-13 01:28:44 [INFO] Ищу врагов
2025-09-13 01:28:44 [INFO] Врага нашел
2025-09-13 01:28:44 [INFO] Враг вне зоны патрулирования
2025-09-13 01:28:44 [INFO] Команда от Smidvard: stop
2025-09-13 01:29:10 [INFO] Остановка бота...
2025-09-13 01:29:13 [INFO] Запуск бота...
2025-09-13 01:29:18 [INFO] Бот заспавнился
2025-09-13 01:29:53 [INFO] Запуск бота...
2025-09-13 01:29:58 [INFO] Бот заспавнился
2025-09-13 01:30:14 [INFO] Запуск бота...
2025-09-13 01:30:16 [INFO] Запуск бота...
2025-09-13 01:30:22 [INFO] Запуск бота...
2025-09-13 01:30:28 [INFO] Бот заспавнился
2025-09-13 01:30:29 [INFO] Запуск бота...
2025-09-13 01:30:34 [INFO] Бот заспавнился
2025-09-13 01:30:35 [INFO] Запуск бота...
2025-09-13 01:30:40 [INFO] Бот заспавнился
2025-09-13 01:30:42 [INFO] Запуск бота...
2025-09-13 01:30:47 [INFO] Бот заспавнился
2025-09-13 01:30:49 [INFO] Запуск бота...
2025-09-13 01:30:52 [INFO] Запуск бота...
2025-09-13 01:30:57 [INFO] Бот заспавнился
2025-09-13 01:31:00 [INFO] Команда от Smidvard: guard
2025-09-13 01:31:25 [INFO] Команда от Smidvard: stop
2025-09-13 01:33:59 [INFO] Запуск бота...
2025-09-13 01:34:04 [INFO] Бот заспавнился
2025-09-13 01:35:03 [INFO] Запуск бота...
2025-09-13 01:35:08 [INFO] Бот заспавнился
2025-09-13 01:35:22 [INFO] Запуск бота...
2025-09-13 01:35:27 [INFO] Бот заспавнился
2025-09-13 01:36:15 [INFO] Запуск бота...
2025-09-13 01:36:21 [INFO] Бот заспавнился
2025-09-13 01:36:22 [INFO] Запуск бота...
2025-09-13 01:36:27 [INFO] Бот заспавнился
2025-09-13 01:36:35 [INFO] Команда от Smidvard: guard
2025-09-13 01:37:03 [INFO] Команда от Smidvard: stop
2025-09-13 02:00:12 [INFO] Запуск бота...
2025-09-13 02:00:17 [INFO] Бот заспавнился
2025-09-13 02:00:20 [INFO] Команда от игрока Команда от Smidvard: guard:  {"username":"Команда от Smidvard: guard","command":[],"params":{}}
2025-09-13 02:04:00 [INFO] Команда от игрока Команда от Smidvard: stop:  {"username":"Команда от Smidvard: stop","command":[],"params":{}}
2025-09-13 02:04:39 [INFO] Остановка бота...
2025-09-14 00:40:54 [INFO] Запуск бота...
2025-09-14 00:41:32 [INFO] Бот заспавнился
2025-09-14 00:41:48 [INFO] Команда от игрока Команда от Smidvard: help:  {"username":"Команда от Smidvard: help","command":[],"params":{}}
2025-09-14 00:41:53 [INFO] Команда от игрока Команда от Smidvard: guard:  {"username":"Команда от Smidvard: guard","command":[],"params":{}}
2025-09-14 00:41:54 [INFO] Ищу врагов
2025-09-14 00:41:54 [INFO] Врага нашел
2025-09-14 00:41:59 [INFO] Убил врага
2025-09-14 00:42:00 [INFO] Ищу врагов
2025-09-14 00:42:00 [INFO] Врага нашел
2025-09-14 00:42:08 [INFO] Этого врага не достать, ищу нового врага
2025-09-14 00:42:09 [INFO] Ищу врагов
2025-09-14 00:42:09 [INFO] Врага нашел
2025-09-14 00:42:14 [INFO] Этого врага не достать, ищу нового врага
2025-09-14 00:42:15 [INFO] Ищу врагов
2025-09-14 00:42:15 [INFO] Врага нашел
2025-09-14 00:42:19 [INFO] Этого врага не достать, ищу нового врага
2025-09-14 00:42:20 [INFO] Ищу врагов
2025-09-14 00:42:20 [INFO] Врага нашел
2025-09-14 00:42:25 [INFO] Этого врага не достать, ищу нового врага
2025-09-14 00:42:26 [INFO] Ищу врагов
2025-09-14 00:42:26 [INFO] Врага нашел
2025-09-14 00:42:26 [INFO] Враг вне зоны патрулирования
2025-09-14 00:42:26 [INFO] Возвращаюсь в центр
2025-09-14 00:42:27 [INFO] Ищу врагов
2025-09-14 00:42:27 [INFO] Врага нашел
2025-09-14 00:42:36 [INFO] Этого врага не достать, ищу нового врага
2025-09-14 00:42:37 [INFO] Ищу врагов
2025-09-14 00:42:37 [INFO] Врага нашел
2025-09-14 00:42:44 [INFO] Убил врага
2025-09-14 00:42:45 [INFO] Ищу врагов
2025-09-14 00:42:45 [INFO] Врага нашел
2025-09-14 00:42:50 [INFO] Убил врага
2025-09-14 00:42:51 [INFO] Ищу врагов
2025-09-14 00:42:51 [INFO] Врага нашел
2025-09-14 00:42:56 [INFO] Убил врага
2025-09-14 00:42:57 [INFO] Ищу врагов
2025-09-14 00:42:57 [INFO] Врага нашел
2025-09-14 00:43:01 [INFO] Убил врага
2025-09-14 00:43:02 [INFO] Ищу врагов
2025-09-14 00:43:02 [INFO] Врага нашел
2025-09-14 00:43:09 [INFO] Убил врага
2025-09-14 00:43:10 [INFO] Ищу врагов
2025-09-14 00:43:10 [INFO] Врага нашел
2025-09-14 00:43:18 [INFO] Убил врага
2025-09-14 00:43:19 [INFO] Ищу врагов
2025-09-14 00:43:19 [INFO] Врага нашел
2025-09-14 00:43:19 [INFO] Враг вне зоны патрулирования
2025-09-14 00:43:19 [INFO] Возвращаюсь в центр
2025-09-14 00:43:20 [INFO] Ищу врагов
2025-09-14 00:43:20 [INFO] Врага нашел
2025-09-14 00:43:27 [INFO] Убил врага
2025-09-14 00:43:28 [INFO] Ищу врагов
2025-09-14 00:43:28 [INFO] Врага нашел
2025-09-14 00:43:28 [INFO] Враг вне зоны патрулирования
2025-09-14 00:43:28 [INFO] Возвращаюсь в центр
2025-09-14 00:43:29 [INFO] Ищу врагов
2025-09-14 00:43:29 [INFO] Врага нашел
2025-09-14 00:43:29 [INFO] Враг вне зоны патрулирования
2025-09-14 00:43:30 [INFO] Ищу врагов
2025-09-14 00:43:30 [INFO] Врага нашел
2025-09-14 00:43:30 [INFO] Враг вне зоны патрулирования
2025-09-14 00:43:31 [INFO] Ищу врагов
2025-09-14 00:43:31 [INFO] Врага нашел
2025-09-14 00:43:31 [INFO] Враг вне зоны патрулирования
2025-09-14 00:43:32 [INFO] Ищу врагов
2025-09-14 00:43:32 [INFO] Врага нашел
2025-09-14 00:43:32 [INFO] Враг вне зоны патрулирования
2025-09-14 00:43:33 [INFO] Ищу врагов
2025-09-14 00:43:33 [INFO] Врага нашел
2025-09-14 00:43:41 [INFO] Этого врага не достать, ищу нового врага
2025-09-14 00:43:42 [INFO] Ищу врагов
2025-09-14 00:43:42 [INFO] Врага нашел
2025-09-14 00:43:50 [INFO] Убил врага
2025-09-14 00:43:51 [INFO] Ищу врагов
2025-09-14 00:43:51 [INFO] Врага нашел
2025-09-14 00:43:51 [INFO] Враг вне зоны патрулирования
2025-09-14 00:43:51 [INFO] Возвращаюсь в центр
2025-09-14 00:43:52 [INFO] Ищу врагов
2025-09-14 00:43:52 [INFO] Врага нашел
2025-09-14 00:43:52 [INFO] Враг вне зоны патрулирования
2025-09-14 00:43:53 [INFO] Ищу врагов
2025-09-14 00:43:53 [INFO] Врага нашел
2025-09-14 00:43:53 [INFO] Враг вне зоны патрулирования
2025-09-14 00:43:54 [INFO] Ищу врагов
2025-09-14 00:43:54 [INFO] Врага нашел
2025-09-14 00:43:54 [INFO] Враг вне зоны патрулирования
2025-09-14 00:43:55 [INFO] Ищу врагов
2025-09-14 00:43:55 [INFO] Врага нашел
2025-09-14 00:43:55 [INFO] Враг вне зоны патрулирования
2025-09-14 00:43:56 [INFO] Ищу врагов
2025-09-14 00:43:56 [INFO] Врага нашел
2025-09-14 00:43:56 [INFO] Враг вне зоны патрулирования
2025-09-14 00:43:57 [INFO] Ищу врагов
2025-09-14 00:43:57 [INFO] Врага нашел
2025-09-14 00:43:57 [INFO] Враг вне зоны патрулирования
2025-09-14 00:43:58 [INFO] Ищу врагов
2025-09-14 00:43:58 [INFO] Врага нашел
2025-09-14 00:43:58 [INFO] Враг вне зоны патрулирования
2025-09-14 00:43:59 [INFO] Ищу врагов
2025-09-14 00:43:59 [INFO] Врага нашел
2025-09-14 00:44:12 [INFO] Этого врага не достать, ищу нового врага
2025-09-14 00:44:13 [INFO] Ищу врагов
2025-09-14 00:44:13 [INFO] Врага нашел
2025-09-14 00:44:20 [INFO] Этого врага не достать, ищу нового врага
2025-09-14 00:44:21 [INFO] Ищу врагов
2025-09-14 00:44:21 [INFO] Врага нашел
2025-09-14 00:44:21 [INFO] Враг вне зоны патрулирования
2025-09-14 00:44:21 [INFO] Возвращаюсь в центр
2025-09-14 00:44:22 [INFO] Ищу врагов
2025-09-14 00:44:22 [INFO] Врага нашел
2025-09-14 00:44:22 [INFO] Враг вне зоны патрулирования
2025-09-14 00:44:23 [INFO] Ищу врагов
2025-09-14 00:44:23 [INFO] Врага нашел
2025-09-14 00:44:23 [INFO] Враг вне зоны патрулирования
2025-09-14 00:44:24 [INFO] Ищу врагов
2025-09-14 00:44:24 [INFO] Врага нашел
2025-09-14 00:44:24 [INFO] Враг вне зоны патрулирования
2025-09-14 00:44:25 [INFO] Ищу врагов
2025-09-14 00:44:25 [INFO] Врага нашел
2025-09-14 00:44:25 [INFO] Враг вне зоны патрулирования
2025-09-14 00:44:26 [INFO] Ищу врагов
2025-09-14 00:44:26 [INFO] Врага нашел
2025-09-14 00:44:26 [INFO] Враг вне зоны патрулирования
2025-09-14 00:44:27 [INFO] Ищу врагов
2025-09-14 00:44:27 [INFO] Врага нашел
2025-09-14 00:44:38 [INFO] Убил врага
2025-09-14 00:44:39 [INFO] Ищу врагов
2025-09-14 00:44:39 [INFO] Врага нашел
2025-09-14 00:44:42 [INFO] Убил врага
2025-09-14 00:44:43 [INFO] Ищу врагов
2025-09-14 00:44:43 [INFO] Врага нашел
2025-09-14 00:44:52 [INFO] Убил врага
2025-09-14 00:44:53 [INFO] Ищу врагов
2025-09-14 00:44:53 [INFO] Врага нашел
2025-09-14 00:45:02 [INFO] Этого врага не достать, ищу нового врага
2025-09-14 00:45:03 [INFO] Ищу врагов
2025-09-14 00:45:03 [INFO] Врага нашел
2025-09-14 00:45:08 [INFO] Убил врага
2025-09-14 00:45:09 [INFO] Ищу врагов
2025-09-14 00:45:09 [INFO] Врага нашел
2025-09-14 00:45:12 [INFO] Убил врага
2025-09-14 00:45:13 [INFO] Ищу врагов
2025-09-14 00:45:13 [INFO] Врага нашел
2025-09-14 00:45:16 [INFO] Убил врага
2025-09-14 00:45:17 [INFO] Ищу врагов
2025-09-14 00:45:17 [INFO] Врага нашел
2025-09-14 00:45:20 [INFO] Убил врага
2025-09-14 00:45:21 [INFO] Ищу врагов
2025-09-14 00:45:21 [INFO] Врага нашел
2025-09-14 00:45:27 [INFO] Убил врага
2025-09-14 00:45:28 [INFO] Ищу врагов
2025-09-14 00:45:28 [INFO] Врага нашел
2025-09-14 00:45:33 [INFO] Убил врага
2025-09-14 00:45:34 [INFO] Ищу врагов
2025-09-14 00:45:34 [INFO] Врага нашел
2025-09-14 00:45:34 [INFO] Враг вне зоны патрулирования
2025-09-14 00:45:34 [INFO] Возвращаюсь в центр
2025-09-14 00:45:35 [INFO] Ищу врагов
2025-09-14 00:45:35 [INFO] Врага нашел
2025-09-14 00:45:35 [INFO] Враг вне зоны патрулирования
2025-09-14 00:45:36 [INFO] Ищу врагов
2025-09-14 00:45:36 [INFO] Врага нашел
2025-09-14 00:45:36 [INFO] Враг вне зоны патрулирования
2025-09-14 00:45:37 [INFO] Ищу врагов
2025-09-14 00:45:37 [INFO] Врага нашел
2025-09-14 00:45:37 [INFO] Враг вне зоны патрулирования
2025-09-14 00:45:38 [INFO] Ищу врагов
2025-09-14 00:45:38 [INFO] Врага нашел
2025-09-14 00:45:47 [INFO] Убил врага
2025-09-14 00:45:48 [INFO] Ищу врагов
2025-09-14 00:45:48 [INFO] Врага нашел
2025-09-14 00:45:48 [INFO] Враг вне зоны патрулирования
2025-09-14 00:45:48 [INFO] Возвращаюсь в центр
2025-09-14 00:45:49 [INFO] Ищу врагов
2025-09-14 00:45:49 [INFO] Врага нашел
2025-09-14 00:45:49 [INFO] Враг вне зоны патрулирования
2025-09-14 00:45:50 [INFO] Ищу врагов
2025-09-14 00:45:50 [INFO] Врага нашел
2025-09-14 00:45:58 [INFO] Убил врага
2025-09-14 00:45:59 [INFO] Ищу врагов
2025-09-14 00:45:59 [INFO] Врага нашел
2025-09-14 00:45:59 [INFO] Враг вне зоны патрулирования
2025-09-14 00:45:59 [INFO] Возвращаюсь в центр
2025-09-14 00:46:00 [INFO] Ищу врагов
2025-09-14 00:46:00 [INFO] Врага нашел
2025-09-14 00:46:00 [INFO] Враг вне зоны патрулирования
2025-09-14 00:46:01 [INFO] Ищу врагов
2025-09-14 00:46:01 [INFO] Врага нашел
2025-09-14 00:46:03 [INFO] Убил врага
2025-09-14 00:46:04 [INFO] Ищу врагов
2025-09-14 00:46:04 [INFO] Врага нашел
2025-09-14 00:46:04 [INFO] Враг вне зоны патрулирования
2025-09-14 00:46:04 [INFO] Возвращаюсь в центр
2025-09-14 00:46:05 [INFO] Ищу врагов
2025-09-14 00:46:05 [INFO] Врага нашел
2025-09-14 00:46:05 [INFO] Враг вне зоны патрулирования
2025-09-14 00:46:06 [INFO] Ищу врагов
2025-09-14 00:46:06 [INFO] Врага нашел
2025-09-14 00:46:06 [INFO] Враг вне зоны патрулирования
2025-09-14 00:46:07 [INFO] Ищу врагов
2025-09-14 00:46:07 [INFO] Врага нашел
2025-09-14 00:46:07 [INFO] Враг вне зоны патрулирования
2025-09-14 00:46:08 [INFO] Ищу врагов
2025-09-14 00:46:08 [INFO] Врага нашел
2025-09-14 00:46:08 [INFO] Враг вне зоны патрулирования
2025-09-14 00:46:09 [INFO] Ищу врагов
2025-09-14 00:46:09 [INFO] Врага нашел
2025-09-14 00:46:09 [INFO] Враг вне зоны патрулирования
2025-09-14 00:46:10 [INFO] Ищу врагов
2025-09-14 00:46:10 [INFO] Врага нашел
2025-09-14 00:46:10 [INFO] Враг вне зоны патрулирования
2025-09-14 00:46:11 [INFO] Ищу врагов
2025-09-14 00:46:11 [INFO] Врага нашел
2025-09-14 00:46:11 [INFO] Враг вне зоны патрулирования
2025-09-14 00:46:12 [INFO] Ищу врагов
2025-09-14 00:46:12 [INFO] Врага нашел
2025-09-14 00:46:12 [INFO] Враг вне зоны патрулирования
2025-09-14 00:46:13 [INFO] Ищу врагов
2025-09-14 00:46:13 [INFO] Врага нашел
2025-09-14 00:46:13 [INFO] Враг вне зоны патрулирования
2025-09-14 00:46:14 [INFO] Ищу врагов
2025-09-14 00:46:14 [INFO] Врага нашел
2025-09-14 00:46:14 [INFO] Враг вне зоны патрулирования
2025-09-14 00:46:15 [INFO] Ищу врагов
2025-09-14 00:46:15 [INFO] Врага нашел
2025-09-14 00:46:15 [INFO] Враг вне зоны патрулирования
2025-09-14 00:46:16 [INFO] Ищу врагов
2025-09-14 00:46:16 [INFO] Врага нашел
2025-09-14 00:46:16 [INFO] Враг вне зоны патрулирования
2025-09-14 00:46:17 [INFO] Ищу врагов
2025-09-14 00:46:17 [INFO] Врага нашел
2025-09-14 00:46:17 [INFO] Враг вне зоны патрулирования
2025-09-14 00:46:18 [INFO] Ищу врагов
2025-09-14 00:46:18 [INFO] Врага нашел
2025-09-14 00:46:24 [INFO] Убил врага
2025-09-14 00:46:25 [INFO] Ищу врагов
2025-09-14 00:46:25 [INFO] Врага нашел
2025-09-14 00:46:25 [INFO] Враг вне зоны патрулирования
2025-09-14 00:46:25 [INFO] Возвращаюсь в центр
2025-09-14 00:46:26 [INFO] Ищу врагов
2025-09-14 00:46:26 [INFO] Врага нашел
2025-09-14 00:46:26 [INFO] Враг вне зоны патрулирования
2025-09-14 00:46:27 [INFO] Ищу врагов
2025-09-14 00:46:27 [INFO] Врага нашел
2025-09-14 00:46:27 [INFO] Враг вне зоны патрулирования
2025-09-14 00:46:28 [INFO] Ищу врагов
2025-09-14 00:46:28 [INFO] Врага нашел
2025-09-14 00:46:28 [INFO] Враг вне зоны патрулирования
2025-09-14 00:46:29 [INFO] Ищу врагов
2025-09-14 00:46:29 [INFO] Врага нашел
2025-09-14 00:46:38 [INFO] Убил врага
2025-09-14 00:46:39 [INFO] Ищу врагов
2025-09-14 00:46:39 [INFO] Врага нашел
2025-09-14 00:46:39 [INFO] Враг вне зоны патрулирования
2025-09-14 00:46:39 [INFO] Возвращаюсь в центр
2025-09-14 00:46:40 [INFO] Ищу врагов
2025-09-14 00:46:40 [INFO] Врага нашел
2025-09-14 00:46:44 [INFO] Убил врага
2025-09-14 00:46:45 [INFO] Ищу врагов
2025-09-14 00:46:45 [INFO] Врага нашел
2025-09-14 00:46:45 [INFO] Враг вне зоны патрулирования
2025-09-14 00:46:45 [INFO] Возвращаюсь в центр
2025-09-14 00:46:46 [INFO] Ищу врагов
2025-09-14 00:46:46 [INFO] Врага нашел
2025-09-14 00:46:46 [INFO] Враг вне зоны патрулирования
2025-09-14 00:46:47 [INFO] Ищу врагов
2025-09-14 00:46:47 [INFO] Врага нашел
2025-09-14 00:46:47 [INFO] Враг вне зоны патрулирования
2025-09-14 00:46:48 [INFO] Ищу врагов
2025-09-14 00:46:48 [INFO] Врага нашел
2025-09-14 00:46:48 [INFO] Враг вне зоны патрулирования
2025-09-14 00:46:49 [INFO] Ищу врагов
2025-09-14 00:46:49 [INFO] Врага нашел
2025-09-14 00:46:49 [INFO] Враг вне зоны патрулирования
2025-09-14 00:46:50 [INFO] Ищу врагов
2025-09-14 00:46:50 [INFO] Врага нашел
2025-09-14 00:46:58 [INFO] Команда от игрока Команда от Smidvard: stop:  {"username":"Команда от Smidvard: stop","command":[],"params":{}}
2025-09-14 00:46:58 [INFO] Убил врага
2025-09-14 00:46:59 [INFO] Ищу врагов
2025-09-14 00:49:31 [INFO] Запуск бота...
2025-09-14 00:49:36 [INFO] Бот заспавнился
2025-09-14 02:50:31 [INFO] Остановка бота...
