2025-09-04 20:28:41 [ERROR] Произошла ошибка бота: {"code":"ECONNREFUSED"}
2025-09-04 21:35:32 [ERROR] Произошла ошибка бота: {"code":"ECONNREFUSED"}
2025-09-04 21:35:53 [ERROR] Произошла ошибка бота: {"code":"ECONNREFUSED"}
2025-09-05 02:36:17 [ERROR] Ошибка запуска бота:
2025-09-05 02:36:20 [ERROR] Ошибка запуска бота:
2025-09-05 02:45:23 [ERROR] Ошибка запуска бота:
2025-09-11 20:52:09 [ERROR] Ошибка запуска бота:
2025-09-11 20:52:12 [ERROR] Ошибка запуска бота:
2025-09-11 20:52:18 [ERROR] Ошибка запуска бота:
2025-09-11 20:52:30 [ERROR] Ошибка запуска бота:
2025-09-11 20:55:54 [ERROR] Не обнаружен экземпляр бота
2025-09-11 20:57:52 [ERROR] Не обнаружен экземпляр бота
2025-09-11 20:58:07 [ERROR] Не обнаружен экземпляр бота
2025-09-11 20:58:21 [ERROR] Не обнаружен экземпляр бота
2025-09-11 20:59:33 [ERROR] Не обнаружен экземпляр бота
2025-09-11 20:59:52 [ERROR] Не обнаружен экземпляр бота
2025-09-12 01:39:08 [ERROR] Ошибка запуска бота: {"generatedMessage":false,"code":"ERR_ASSERTION","actual":false,"expected":true,"operator":"=="}
2025-09-12 01:39:10 [ERROR] Ошибка запуска бота: {"generatedMessage":false,"code":"ERR_ASSERTION","actual":false,"expected":true,"operator":"=="}
2025-09-12 01:39:17 [ERROR] Ошибка запуска бота: {"generatedMessage":false,"code":"ERR_ASSERTION","actual":false,"expected":true,"operator":"=="}
2025-09-12 01:41:32 [ERROR] Ошибка запуска бота: {"generatedMessage":false,"code":"ERR_ASSERTION","actual":false,"expected":true,"operator":"=="}
2025-09-12 01:42:53 [ERROR] Ошибка запуска бота: {"generatedMessage":false,"code":"ERR_ASSERTION","actual":false,"expected":true,"operator":"=="}
2025-09-12 01:43:03 [ERROR] Ошибка запуска бота: {"generatedMessage":false,"code":"ERR_ASSERTION","actual":false,"expected":true,"operator":"=="}
2025-09-12 01:43:06 [ERROR] Ошибка запуска бота: {"generatedMessage":false,"code":"ERR_ASSERTION","actual":false,"expected":true,"operator":"=="}
2025-09-12 01:43:14 [ERROR] Ошибка запуска бота: {"generatedMessage":false,"code":"ERR_ASSERTION","actual":false,"expected":true,"operator":"=="}
2025-09-12 01:43:33 [ERROR] Ошибка запуска бота: {"generatedMessage":false,"code":"ERR_ASSERTION","actual":false,"expected":true,"operator":"=="}
2025-09-12 01:43:42 [ERROR] Ошибка запуска бота: {"generatedMessage":false,"code":"ERR_ASSERTION","actual":false,"expected":true,"operator":"=="}
2025-09-12 01:43:44 [ERROR] Ошибка запуска бота: {"generatedMessage":false,"code":"ERR_ASSERTION","actual":false,"expected":true,"operator":"=="}
2025-09-12 01:48:36 [ERROR] Ошибка запуска бота: {"generatedMessage":false,"code":"ERR_ASSERTION","actual":false,"expected":true,"operator":"=="}
2025-09-12 01:48:57 [ERROR] Ошибка запуска бота: {"generatedMessage":false,"code":"ERR_ASSERTION","actual":false,"expected":true,"operator":"=="}
2025-09-12 01:49:00 [ERROR] Ошибка запуска бота: {"generatedMessage":false,"code":"ERR_ASSERTION","actual":false,"expected":true,"operator":"=="}
2025-09-12 01:49:06 [ERROR] Ошибка запуска бота: {"generatedMessage":false,"code":"ERR_ASSERTION","actual":false,"expected":true,"operator":"=="}
2025-09-12 01:52:15 [ERROR] Ошибка запуска бота: {"generatedMessage":false,"code":"ERR_ASSERTION","actual":false,"expected":true,"operator":"=="}
2025-09-12 01:52:18 [ERROR] Ошибка запуска бота: {"generatedMessage":false,"code":"ERR_ASSERTION","actual":false,"expected":true,"operator":"=="}
2025-09-12 01:52:20 [ERROR] Ошибка запуска бота: {"generatedMessage":false,"code":"ERR_ASSERTION","actual":false,"expected":true,"operator":"=="}
2025-09-12 01:52:23 [ERROR] Ошибка запуска бота: {"generatedMessage":false,"code":"ERR_ASSERTION","actual":false,"expected":true,"operator":"=="}
2025-09-12 01:52:26 [ERROR] Ошибка запуска бота: {"generatedMessage":false,"code":"ERR_ASSERTION","actual":false,"expected":true,"operator":"=="}
2025-09-12 01:52:29 [ERROR] Ошибка запуска бота: {"generatedMessage":false,"code":"ERR_ASSERTION","actual":false,"expected":true,"operator":"=="}
2025-09-12 01:52:35 [ERROR] Ошибка запуска бота: {"generatedMessage":false,"code":"ERR_ASSERTION","actual":false,"expected":true,"operator":"=="}
2025-09-12 01:52:47 [ERROR] Ошибка запуска бота: {"generatedMessage":false,"code":"ERR_ASSERTION","actual":false,"expected":true,"operator":"=="}
2025-09-12 01:53:11 [ERROR] Ошибка запуска бота: {"generatedMessage":false,"code":"ERR_ASSERTION","actual":false,"expected":true,"operator":"=="}
2025-09-12 01:53:59 [ERROR] Ошибка запуска бота: {"generatedMessage":false,"code":"ERR_ASSERTION","actual":false,"expected":true,"operator":"=="}
2025-09-12 01:53:59 [ERROR] Превышено число попыток реконнекта. Бот больше не подключается.
2025-09-12 01:55:35 [ERROR] Ошибка запуска бота: {"generatedMessage":false,"code":"ERR_ASSERTION","actual":false,"expected":true,"operator":"=="}
2025-09-12 01:55:38 [ERROR] Ошибка запуска бота: {"generatedMessage":false,"code":"ERR_ASSERTION","actual":false,"expected":true,"operator":"=="}
2025-09-12 01:55:44 [ERROR] Ошибка запуска бота: {"generatedMessage":false,"code":"ERR_ASSERTION","actual":false,"expected":true,"operator":"=="}
2025-09-12 01:57:10 [ERROR] Ошибка запуска бота:
2025-09-12 01:57:13 [ERROR] Ошибка запуска бота:
2025-09-12 01:57:50 [ERROR] Ошибка запуска бота:
2025-09-12 01:57:53 [ERROR] Ошибка запуска бота:
2025-09-12 02:22:02 [ERROR] Ошибка запуска бота: {"generatedMessage":false,"code":"ERR_ASSERTION","actual":false,"expected":true,"operator":"=="}
2025-09-12 02:22:05 [ERROR] Ошибка запуска бота: {"generatedMessage":false,"code":"ERR_ASSERTION","actual":false,"expected":true,"operator":"=="}
2025-09-12 02:22:11 [ERROR] Ошибка запуска бота: {"generatedMessage":false,"code":"ERR_ASSERTION","actual":false,"expected":true,"operator":"=="}
2025-09-12 02:22:23 [ERROR] Ошибка запуска бота: {"generatedMessage":false,"code":"ERR_ASSERTION","actual":false,"expected":true,"operator":"=="}
2025-09-12 02:22:47 [ERROR] Ошибка запуска бота: {"generatedMessage":false,"code":"ERR_ASSERTION","actual":false,"expected":true,"operator":"=="}
2025-09-12 02:24:11 [ERROR] Ошибка запуска бота: {"generatedMessage":false,"code":"ERR_ASSERTION","actual":false,"expected":true,"operator":"=="}
2025-09-12 02:24:14 [ERROR] Ошибка запуска бота: {"generatedMessage":false,"code":"ERR_ASSERTION","actual":false,"expected":true,"operator":"=="}
2025-09-12 02:24:18 [ERROR] Ошибка запуска бота: {"generatedMessage":false,"code":"ERR_ASSERTION","actual":false,"expected":true,"operator":"=="}
2025-09-12 02:24:21 [ERROR] Ошибка запуска бота: {"generatedMessage":false,"code":"ERR_ASSERTION","actual":false,"expected":true,"operator":"=="}
2025-09-12 02:24:24 [ERROR] Ошибка запуска бота: {"generatedMessage":false,"code":"ERR_ASSERTION","actual":false,"expected":true,"operator":"=="}
2025-09-12 02:24:27 [ERROR] Ошибка запуска бота: {"generatedMessage":false,"code":"ERR_ASSERTION","actual":false,"expected":true,"operator":"=="}
2025-09-12 02:40:16 [ERROR] Ошибка запуска бота: {"generatedMessage":false,"code":"ERR_ASSERTION","actual":false,"expected":true,"operator":"==","diff":"simple"}
2025-09-12 02:40:19 [ERROR] Ошибка запуска бота: {"generatedMessage":false,"code":"ERR_ASSERTION","actual":false,"expected":true,"operator":"==","diff":"simple"}
2025-09-12 02:42:24 [ERROR] Ошибка запуска бота: {"generatedMessage":false,"code":"ERR_ASSERTION","actual":false,"expected":true,"operator":"==","diff":"simple"}
2025-09-12 02:42:27 [ERROR] Ошибка запуска бота: {"generatedMessage":false,"code":"ERR_ASSERTION","actual":false,"expected":true,"operator":"==","diff":"simple"}
2025-09-12 02:42:29 [ERROR] Ошибка запуска бота: {"generatedMessage":false,"code":"ERR_ASSERTION","actual":false,"expected":true,"operator":"==","diff":"simple"}
2025-09-12 02:42:31 [ERROR] Ошибка запуска бота: {"generatedMessage":false,"code":"ERR_ASSERTION","actual":false,"expected":true,"operator":"==","diff":"simple"}
2025-09-12 02:42:33 [ERROR] Ошибка запуска бота: {"generatedMessage":false,"code":"ERR_ASSERTION","actual":false,"expected":true,"operator":"==","diff":"simple"}
2025-09-12 02:42:37 [ERROR] Ошибка запуска бота: {"generatedMessage":false,"code":"ERR_ASSERTION","actual":false,"expected":true,"operator":"==","diff":"simple"}
2025-09-12 02:42:38 [ERROR] Ошибка запуска бота: {"generatedMessage":false,"code":"ERR_ASSERTION","actual":false,"expected":true,"operator":"==","diff":"simple"}
2025-09-12 02:42:41 [ERROR] Ошибка запуска бота: {"generatedMessage":false,"code":"ERR_ASSERTION","actual":false,"expected":true,"operator":"==","diff":"simple"}
2025-09-12 02:42:48 [ERROR] Ошибка запуска бота: {"generatedMessage":false,"code":"ERR_ASSERTION","actual":false,"expected":true,"operator":"==","diff":"simple"}
2025-09-12 02:42:56 [ERROR] Ошибка запуска бота: {"generatedMessage":false,"code":"ERR_ASSERTION","actual":false,"expected":true,"operator":"==","diff":"simple"}
2025-09-12 02:42:59 [ERROR] Ошибка запуска бота: {"generatedMessage":false,"code":"ERR_ASSERTION","actual":false,"expected":true,"operator":"==","diff":"simple"}
2025-09-14 17:32:52 [ERROR] Ошибка запуска бота: {"generatedMessage":false,"code":"ERR_ASSERTION","actual":false,"expected":true,"operator":"==","diff":"simple"}
2025-09-14 17:32:55 [ERROR] Ошибка запуска бота: {"generatedMessage":false,"code":"ERR_ASSERTION","actual":false,"expected":true,"operator":"==","diff":"simple"}
2025-09-14 17:41:01 [ERROR] Состояние survival не найдено
2025-09-14 17:42:52 [ERROR] Состояние survival не найдено
2025-09-14 18:12:12 [ERROR] Не удалось поесть: Already eating!
2025-09-14 18:13:29 [ERROR] Не удалось поесть: Already eating!
2025-09-14 18:33:14 [ERROR] Не удалось поесть: Already eating!
2025-09-14 18:33:33 [ERROR] Не удалось поесть: Already eating!
2025-09-14 18:33:48 [ERROR] Не удалось поесть: No food specified and couldn't find a choice in inventory!
2025-09-14 18:33:49 [ERROR] Не удалось поесть: No food specified and couldn't find a choice in inventory!
2025-09-14 18:33:50 [ERROR] Не удалось поесть: No food specified and couldn't find a choice in inventory!
2025-09-14 18:33:51 [ERROR] Не удалось поесть: No food specified and couldn't find a choice in inventory!
2025-09-14 18:33:52 [ERROR] Не удалось поесть: No food specified and couldn't find a choice in inventory!
2025-09-14 18:33:53 [ERROR] Не удалось поесть: No food specified and couldn't find a choice in inventory!
2025-09-14 18:33:54 [ERROR] Не удалось поесть: No food specified and couldn't find a choice in inventory!
2025-09-14 18:33:55 [ERROR] Не удалось поесть: No food specified and couldn't find a choice in inventory!
2025-09-14 18:33:56 [ERROR] Не удалось поесть: No food specified and couldn't find a choice in inventory!
2025-09-14 18:33:57 [ERROR] Не удалось поесть: No food specified and couldn't find a choice in inventory!
2025-09-14 18:33:58 [ERROR] Не удалось поесть: No food specified and couldn't find a choice in inventory!
2025-09-14 18:33:59 [ERROR] Не удалось поесть: No food specified and couldn't find a choice in inventory!
2025-09-14 18:34:00 [ERROR] Не удалось поесть: No food specified and couldn't find a choice in inventory!
2025-09-14 18:34:01 [ERROR] Не удалось поесть: No food specified and couldn't find a choice in inventory!
2025-09-14 18:34:02 [ERROR] Не удалось поесть: No food specified and couldn't find a choice in inventory!
2025-09-14 18:34:03 [ERROR] Не удалось поесть: No food specified and couldn't find a choice in inventory!
2025-09-14 18:34:04 [ERROR] Не удалось поесть: No food specified and couldn't find a choice in inventory!
2025-09-14 18:34:05 [ERROR] Не удалось поесть: No food specified and couldn't find a choice in inventory!
2025-09-14 18:34:06 [ERROR] Не удалось поесть: No food specified and couldn't find a choice in inventory!
2025-09-14 18:34:07 [ERROR] Не удалось поесть: No food specified and couldn't find a choice in inventory!
2025-09-14 18:34:08 [ERROR] Не удалось поесть: No food specified and couldn't find a choice in inventory!
2025-09-14 18:34:09 [ERROR] Не удалось поесть: No food specified and couldn't find a choice in inventory!
2025-09-14 18:34:10 [ERROR] Не удалось поесть: No food specified and couldn't find a choice in inventory!
2025-09-14 18:34:11 [ERROR] Не удалось поесть: No food specified and couldn't find a choice in inventory!
2025-09-14 18:34:12 [ERROR] Не удалось поесть: No food specified and couldn't find a choice in inventory!
2025-09-14 18:34:13 [ERROR] Не удалось поесть: No food specified and couldn't find a choice in inventory!
2025-09-14 18:34:14 [ERROR] Не удалось поесть: No food specified and couldn't find a choice in inventory!
2025-09-14 18:34:15 [ERROR] Не удалось поесть: No food specified and couldn't find a choice in inventory!
2025-09-14 18:34:16 [ERROR] Не удалось поесть: No food specified and couldn't find a choice in inventory!
2025-09-14 18:34:17 [ERROR] Не удалось поесть: No food specified and couldn't find a choice in inventory!
2025-09-14 18:34:18 [ERROR] Не удалось поесть: No food specified and couldn't find a choice in inventory!
2025-09-14 18:34:19 [ERROR] Не удалось поесть: No food specified and couldn't find a choice in inventory!
2025-09-14 18:34:20 [ERROR] Не удалось поесть: No food specified and couldn't find a choice in inventory!
2025-09-14 18:34:21 [ERROR] Не удалось поесть: No food specified and couldn't find a choice in inventory!
2025-09-14 18:34:22 [ERROR] Не удалось поесть: No food specified and couldn't find a choice in inventory!
2025-09-14 18:34:23 [ERROR] Не удалось поесть: No food specified and couldn't find a choice in inventory!
2025-09-14 18:34:24 [ERROR] Не удалось поесть: No food specified and couldn't find a choice in inventory!
2025-09-14 18:34:25 [ERROR] Не удалось поесть: No food specified and couldn't find a choice in inventory!
2025-09-14 18:34:26 [ERROR] Не удалось поесть: No food specified and couldn't find a choice in inventory!
2025-09-14 18:34:27 [ERROR] Не удалось поесть: No food specified and couldn't find a choice in inventory!
2025-09-14 18:34:28 [ERROR] Не удалось поесть: No food specified and couldn't find a choice in inventory!
2025-09-14 18:34:29 [ERROR] Не удалось поесть: No food specified and couldn't find a choice in inventory!
2025-09-14 18:34:30 [ERROR] Не удалось поесть: No food specified and couldn't find a choice in inventory!
2025-09-14 18:34:40 [ERROR] Не удалось поесть: No food specified and couldn't find a choice in inventory!
2025-09-14 18:34:41 [ERROR] Не удалось поесть: No food specified and couldn't find a choice in inventory!
2025-09-14 18:34:42 [ERROR] Не удалось поесть: No food specified and couldn't find a choice in inventory!
2025-09-14 18:34:43 [ERROR] Не удалось поесть: No food specified and couldn't find a choice in inventory!
2025-09-14 18:34:44 [ERROR] Не удалось поесть: No food specified and couldn't find a choice in inventory!
2025-09-14 18:34:45 [ERROR] Не удалось поесть: No food specified and couldn't find a choice in inventory!
2025-09-14 18:34:46 [ERROR] Не удалось поесть: No food specified and couldn't find a choice in inventory!
2025-09-14 18:34:47 [ERROR] Не удалось поесть: No food specified and couldn't find a choice in inventory!
2025-09-14 18:34:48 [ERROR] Не удалось поесть: No food specified and couldn't find a choice in inventory!
2025-09-14 18:34:49 [ERROR] Не удалось поесть: No food specified and couldn't find a choice in inventory!
2025-09-14 18:34:50 [ERROR] Не удалось поесть: No food specified and couldn't find a choice in inventory!
2025-09-14 18:34:51 [ERROR] Не удалось поесть: No food specified and couldn't find a choice in inventory!
2025-09-14 18:34:52 [ERROR] Не удалось поесть: No food specified and couldn't find a choice in inventory!
2025-09-14 18:34:53 [ERROR] Не удалось поесть: No food specified and couldn't find a choice in inventory!
2025-09-14 18:34:54 [ERROR] Не удалось поесть: No food specified and couldn't find a choice in inventory!
2025-09-14 18:34:55 [ERROR] Не удалось поесть: No food specified and couldn't find a choice in inventory!
2025-09-14 18:34:56 [ERROR] Не удалось поесть: No food specified and couldn't find a choice in inventory!
2025-09-14 18:34:57 [ERROR] Не удалось поесть: No food specified and couldn't find a choice in inventory!
2025-09-14 18:34:58 [ERROR] Не удалось поесть: No food specified and couldn't find a choice in inventory!
2025-09-14 18:34:59 [ERROR] Не удалось поесть: No food specified and couldn't find a choice in inventory!
2025-09-14 18:35:00 [ERROR] Не удалось поесть: No food specified and couldn't find a choice in inventory!
2025-09-14 18:35:09 [ERROR] Не удалось поесть: No food specified and couldn't find a choice in inventory!
2025-09-14 18:35:10 [ERROR] Не удалось поесть: No food specified and couldn't find a choice in inventory!
2025-09-14 18:35:11 [ERROR] Не удалось поесть: No food specified and couldn't find a choice in inventory!
2025-09-14 18:35:12 [ERROR] Не удалось поесть: No food specified and couldn't find a choice in inventory!
2025-09-14 18:35:13 [ERROR] Не удалось поесть: No food specified and couldn't find a choice in inventory!
2025-09-14 18:35:14 [ERROR] Не удалось поесть: No food specified and couldn't find a choice in inventory!
2025-09-14 18:35:15 [ERROR] Не удалось поесть: No food specified and couldn't find a choice in inventory!
2025-09-14 18:35:16 [ERROR] Не удалось поесть: No food specified and couldn't find a choice in inventory!
2025-09-14 18:35:17 [ERROR] Не удалось поесть: No food specified and couldn't find a choice in inventory!
2025-09-14 18:35:18 [ERROR] Не удалось поесть: No food specified and couldn't find a choice in inventory!
2025-09-14 18:35:19 [ERROR] Не удалось поесть: No food specified and couldn't find a choice in inventory!
2025-09-14 18:35:20 [ERROR] Не удалось поесть: No food specified and couldn't find a choice in inventory!
2025-09-14 18:35:21 [ERROR] Не удалось поесть: No food specified and couldn't find a choice in inventory!
2025-09-14 18:35:22 [ERROR] Не удалось поесть: No food specified and couldn't find a choice in inventory!
2025-09-14 18:35:23 [ERROR] Не удалось поесть: No food specified and couldn't find a choice in inventory!
2025-09-14 18:35:24 [ERROR] Не удалось поесть: No food specified and couldn't find a choice in inventory!
2025-09-14 18:35:25 [ERROR] Не удалось поесть: No food specified and couldn't find a choice in inventory!
2025-09-14 18:35:26 [ERROR] Не удалось поесть: No food specified and couldn't find a choice in inventory!
2025-09-14 18:35:28 [ERROR] Не удалось поесть: Already eating!
2025-09-14 18:49:14 [ERROR] Не удалось поесть: Already eating!
2025-09-14 18:49:14 [ERROR] Не удалось поесть: Already eating!
2025-09-14 18:49:15 [ERROR] Не удалось поесть: Already eating!
2025-09-14 18:52:07 [ERROR] Не удалось поесть: Error: Already eating!
2025-09-14 18:52:07 [ERROR] Не удалось поесть: Error: Already eating!
2025-09-14 18:52:08 [ERROR] Не удалось поесть: Error: Already eating!
2025-09-14 18:55:10 [ERROR] Не удалось поесть:
2025-09-14 18:55:10 [ERROR] Не удалось поесть:
2025-09-14 18:55:11 [ERROR] Не удалось поесть:
2025-09-14 18:55:11 [ERROR] Не удалось поесть:
2025-09-14 18:55:12 [ERROR] Не удалось поесть:
2025-09-14 18:55:12 [ERROR] Не удалось поесть:
2025-09-14 18:55:13 [ERROR] Не удалось поесть:
2025-09-14 18:55:13 [ERROR] Не удалось поесть:
2025-09-14 18:55:14 [ERROR] Не удалось поесть:
2025-09-14 18:55:14 [ERROR] Не удалось поесть:
2025-09-14 18:55:15 [ERROR] Не удалось поесть:
2025-09-14 18:55:15 [ERROR] Не удалось поесть:
2025-09-14 18:55:16 [ERROR] Не удалось поесть:
2025-09-14 18:55:16 [ERROR] Не удалось поесть:
2025-09-14 18:55:17 [ERROR] Не удалось поесть:
2025-09-14 18:55:17 [ERROR] Не удалось поесть:
2025-09-14 18:55:18 [ERROR] Не удалось поесть:
2025-09-14 18:55:18 [ERROR] Не удалось поесть:
2025-09-14 18:55:19 [ERROR] Не удалось поесть:
2025-09-14 18:55:19 [ERROR] Не удалось поесть:
2025-09-14 18:55:20 [ERROR] Не удалось поесть:
2025-09-14 18:55:20 [ERROR] Не удалось поесть:
2025-09-14 18:55:21 [ERROR] Не удалось поесть:
2025-09-14 18:55:21 [ERROR] Не удалось поесть:
2025-09-14 18:55:22 [ERROR] Не удалось поесть:
2025-09-14 18:55:23 [ERROR] Не удалось поесть:
2025-09-14 18:55:23 [ERROR] Не удалось поесть:
2025-09-14 18:55:24 [ERROR] Не удалось поесть:
2025-09-14 18:55:24 [ERROR] Не удалось поесть:
2025-09-14 18:55:25 [ERROR] Не удалось поесть:
2025-09-14 18:55:25 [ERROR] Не удалось поесть:
2025-09-14 18:55:26 [ERROR] Не удалось поесть:
2025-09-14 18:55:26 [ERROR] Не удалось поесть:
2025-09-14 18:55:27 [ERROR] Не удалось поесть:
2025-09-14 18:55:27 [ERROR] Не удалось поесть:
2025-09-14 18:55:28 [ERROR] Не удалось поесть:
2025-09-14 18:55:28 [ERROR] Не удалось поесть:
2025-09-14 18:55:29 [ERROR] Не удалось поесть:
2025-09-14 18:55:29 [ERROR] Не удалось поесть:
2025-09-14 18:55:30 [ERROR] Не удалось поесть:
2025-09-14 18:55:30 [ERROR] Не удалось поесть:
2025-09-14 18:55:31 [ERROR] Не удалось поесть:
2025-09-14 18:55:31 [ERROR] Не удалось поесть:
2025-09-14 18:55:32 [ERROR] Не удалось поесть:
2025-09-14 18:55:32 [ERROR] Не удалось поесть:
2025-09-14 18:55:33 [ERROR] Не удалось поесть:
2025-09-14 18:55:33 [ERROR] Не удалось поесть:
2025-09-14 18:55:34 [ERROR] Не удалось поесть:
2025-09-14 18:55:34 [ERROR] Не удалось поесть:
2025-09-14 18:55:35 [ERROR] Не удалось поесть:
2025-09-14 18:55:35 [ERROR] Не удалось поесть:
2025-09-14 18:55:36 [ERROR] Не удалось поесть:
2025-09-14 18:55:36 [ERROR] Не удалось поесть:
2025-09-14 18:55:37 [ERROR] Не удалось поесть:
2025-09-14 18:55:37 [ERROR] Не удалось поесть:
2025-09-14 18:55:38 [ERROR] Не удалось поесть:
2025-09-14 18:55:38 [ERROR] Не удалось поесть:
2025-09-14 18:55:39 [ERROR] Не удалось поесть:
2025-09-14 18:55:39 [ERROR] Не удалось поесть:
2025-09-14 18:55:40 [ERROR] Не удалось поесть:
2025-09-14 18:55:40 [ERROR] Не удалось поесть:
2025-09-14 18:55:41 [ERROR] Не удалось поесть:
2025-09-14 18:55:41 [ERROR] Не удалось поесть:
2025-09-14 18:55:42 [ERROR] Не удалось поесть:
2025-09-14 18:55:42 [ERROR] Не удалось поесть:
2025-09-14 18:55:43 [ERROR] Не удалось поесть:
2025-09-14 18:55:43 [ERROR] Не удалось поесть:
2025-09-14 18:55:44 [ERROR] Не удалось поесть:
2025-09-14 18:55:44 [ERROR] Не удалось поесть:
2025-09-14 18:55:45 [ERROR] Не удалось поесть:
2025-09-14 18:55:45 [ERROR] Не удалось поесть:
2025-09-14 18:55:46 [ERROR] Не удалось поесть:
2025-09-14 18:55:46 [ERROR] Не удалось поесть:
2025-09-14 18:55:47 [ERROR] Не удалось поесть:
2025-09-14 18:55:47 [ERROR] Не удалось поесть:
2025-09-14 18:55:48 [ERROR] Не удалось поесть:
2025-09-14 18:55:48 [ERROR] Не удалось поесть:
2025-09-14 18:55:49 [ERROR] Не удалось поесть:
2025-09-14 18:55:49 [ERROR] Не удалось поесть:
2025-09-14 18:55:50 [ERROR] Не удалось поесть:
2025-09-14 18:55:50 [ERROR] Не удалось поесть:
2025-09-14 18:55:51 [ERROR] Не удалось поесть:
2025-09-14 18:55:51 [ERROR] Не удалось поесть:
2025-09-14 18:55:52 [ERROR] Не удалось поесть:
2025-09-14 18:55:52 [ERROR] Не удалось поесть:
2025-09-14 18:55:53 [ERROR] Не удалось поесть:
2025-09-14 18:55:53 [ERROR] Не удалось поесть:
2025-09-14 18:55:54 [ERROR] Не удалось поесть:
2025-09-14 18:55:54 [ERROR] Не удалось поесть:
2025-09-14 18:55:55 [ERROR] Не удалось поесть:
2025-09-14 18:55:55 [ERROR] Не удалось поесть:
2025-09-14 18:55:56 [ERROR] Не удалось поесть:
2025-09-14 18:55:56 [ERROR] Не удалось поесть:
2025-09-14 18:55:57 [ERROR] Не удалось поесть:
2025-09-14 18:55:57 [ERROR] Не удалось поесть:
2025-09-14 18:55:58 [ERROR] Не удалось поесть:
2025-09-14 18:55:58 [ERROR] Не удалось поесть:
2025-09-14 18:55:59 [ERROR] Не удалось поесть:
2025-09-14 18:55:59 [ERROR] Не удалось поесть:
2025-09-14 18:56:00 [ERROR] Не удалось поесть:
2025-09-14 18:56:00 [ERROR] Не удалось поесть:
2025-09-14 18:56:12 [ERROR] Не удалось поесть:
2025-09-14 18:56:13 [ERROR] Не удалось поесть:
2025-09-14 18:56:13 [ERROR] Не удалось поесть:
2025-09-14 18:56:14 [ERROR] Не удалось поесть:
2025-09-14 18:56:14 [ERROR] Не удалось поесть:
2025-09-14 18:56:15 [ERROR] Не удалось поесть:
2025-09-14 18:56:15 [ERROR] Не удалось поесть:
2025-09-14 18:56:16 [ERROR] Не удалось поесть:
2025-09-14 18:56:16 [ERROR] Не удалось поесть:
2025-09-14 18:56:17 [ERROR] Не удалось поесть:
2025-09-14 18:56:17 [ERROR] Не удалось поесть:
2025-09-14 18:56:18 [ERROR] Не удалось поесть:
2025-09-14 18:56:18 [ERROR] Не удалось поесть:
2025-09-14 18:56:19 [ERROR] Не удалось поесть:
2025-09-14 18:56:19 [ERROR] Не удалось поесть:
2025-09-14 18:56:20 [ERROR] Не удалось поесть:
2025-09-14 18:56:20 [ERROR] Не удалось поесть:
2025-09-14 18:56:21 [ERROR] Не удалось поесть:
2025-09-14 18:56:21 [ERROR] Не удалось поесть:
2025-09-14 18:56:22 [ERROR] Не удалось поесть:
2025-09-14 18:56:22 [ERROR] Не удалось поесть:
2025-09-14 18:56:23 [ERROR] Не удалось поесть:
2025-09-14 18:56:23 [ERROR] Не удалось поесть:
2025-09-14 18:56:24 [ERROR] Не удалось поесть:
2025-09-14 18:56:24 [ERROR] Не удалось поесть:
2025-09-14 18:56:25 [ERROR] Не удалось поесть:
2025-09-14 18:56:25 [ERROR] Не удалось поесть:
2025-09-14 18:56:26 [ERROR] Не удалось поесть:
2025-09-14 18:56:26 [ERROR] Не удалось поесть:
2025-09-14 18:56:27 [ERROR] Не удалось поесть:
2025-09-14 18:56:27 [ERROR] Не удалось поесть:
2025-09-14 18:56:28 [ERROR] Не удалось поесть:
2025-09-14 18:56:28 [ERROR] Не удалось поесть:
2025-09-14 18:56:29 [ERROR] Не удалось поесть:
2025-09-14 18:56:29 [ERROR] Не удалось поесть:
2025-09-14 18:56:30 [ERROR] Не удалось поесть:
2025-09-14 18:56:30 [ERROR] Не удалось поесть:
2025-09-14 18:56:31 [ERROR] Не удалось поесть:
2025-09-14 18:56:32 [ERROR] Не удалось поесть:
2025-09-14 18:56:32 [ERROR] Не удалось поесть:
2025-09-14 18:56:33 [ERROR] Не удалось поесть:
2025-09-14 18:56:33 [ERROR] Не удалось поесть:
2025-09-14 18:56:34 [ERROR] Не удалось поесть:
2025-09-14 18:56:34 [ERROR] Не удалось поесть:
2025-09-14 18:56:35 [ERROR] Не удалось поесть:
2025-09-14 18:56:35 [ERROR] Не удалось поесть:
2025-09-14 18:56:36 [ERROR] Не удалось поесть:
2025-09-14 18:56:36 [ERROR] Не удалось поесть:
2025-09-14 18:56:37 [ERROR] Не удалось поесть:
2025-09-14 18:56:37 [ERROR] Не удалось поесть:
2025-09-14 18:56:38 [ERROR] Не удалось поесть:
2025-09-14 18:56:38 [ERROR] Не удалось поесть:
2025-09-14 18:56:39 [ERROR] Не удалось поесть:
2025-09-14 18:56:39 [ERROR] Не удалось поесть:
2025-09-14 18:56:40 [ERROR] Не удалось поесть:
2025-09-14 18:56:40 [ERROR] Не удалось поесть:
2025-09-14 18:56:41 [ERROR] Не удалось поесть:
2025-09-14 18:56:41 [ERROR] Не удалось поесть:
2025-09-14 18:56:42 [ERROR] Не удалось поесть:
2025-09-14 18:56:42 [ERROR] Не удалось поесть:
2025-09-14 18:56:43 [ERROR] Не удалось поесть:
2025-09-14 18:56:43 [ERROR] Не удалось поесть:
2025-09-14 18:56:44 [ERROR] Не удалось поесть:
2025-09-14 18:56:44 [ERROR] Не удалось поесть:
2025-09-14 18:56:45 [ERROR] Не удалось поесть:
2025-09-14 18:56:45 [ERROR] Не удалось поесть:
2025-09-14 18:56:46 [ERROR] Не удалось поесть:
2025-09-14 18:56:46 [ERROR] Не удалось поесть:
2025-09-14 18:56:47 [ERROR] Не удалось поесть:
2025-09-14 18:56:47 [ERROR] Не удалось поесть:
2025-09-14 18:56:48 [ERROR] Не удалось поесть:
2025-09-14 18:56:48 [ERROR] Не удалось поесть:
2025-09-14 18:56:49 [ERROR] Не удалось поесть:
2025-09-14 18:56:49 [ERROR] Не удалось поесть:
2025-09-14 18:56:50 [ERROR] Не удалось поесть:
2025-09-14 18:56:50 [ERROR] Не удалось поесть:
2025-09-14 18:56:51 [ERROR] Не удалось поесть:
2025-09-14 18:56:51 [ERROR] Не удалось поесть:
2025-09-14 18:56:52 [ERROR] Не удалось поесть:
2025-09-14 18:56:52 [ERROR] Не удалось поесть:
2025-09-14 18:56:53 [ERROR] Не удалось поесть:
2025-09-14 18:56:53 [ERROR] Не удалось поесть:
2025-09-14 18:56:54 [ERROR] Не удалось поесть:
2025-09-14 18:56:54 [ERROR] Не удалось поесть:
2025-09-14 18:56:55 [ERROR] Не удалось поесть:
2025-09-14 18:56:55 [ERROR] Не удалось поесть:
2025-09-14 18:56:56 [ERROR] Не удалось поесть:
2025-09-14 18:56:56 [ERROR] Не удалось поесть:
2025-09-14 18:56:57 [ERROR] Не удалось поесть:
2025-09-14 18:56:57 [ERROR] Не удалось поесть:
2025-09-14 18:56:58 [ERROR] Не удалось поесть:
2025-09-14 18:56:58 [ERROR] Не удалось поесть:
2025-09-14 18:56:59 [ERROR] Не удалось поесть:
2025-09-14 18:56:59 [ERROR] Не удалось поесть:
2025-09-14 18:57:00 [ERROR] Не удалось поесть:
2025-09-14 18:57:00 [ERROR] Не удалось поесть:
2025-09-14 18:57:01 [ERROR] Не удалось поесть:
2025-09-14 18:57:01 [ERROR] Не удалось поесть:
2025-09-14 18:57:02 [ERROR] Не удалось поесть:
2025-09-14 18:57:02 [ERROR] Не удалось поесть:
2025-09-14 18:57:03 [ERROR] Не удалось поесть:
2025-09-14 18:57:03 [ERROR] Не удалось поесть:
2025-09-14 18:57:04 [ERROR] Не удалось поесть:
2025-09-14 18:57:04 [ERROR] Не удалось поесть:
2025-09-14 18:57:05 [ERROR] Не удалось поесть:
2025-09-14 18:57:05 [ERROR] Не удалось поесть:
2025-09-14 18:57:06 [ERROR] Не удалось поесть:
2025-09-14 18:57:06 [ERROR] Не удалось поесть:
2025-09-14 18:57:07 [ERROR] Не удалось поесть:
2025-09-14 18:57:07 [ERROR] Не удалось поесть:
2025-09-14 18:57:08 [ERROR] Не удалось поесть:
2025-09-14 18:57:08 [ERROR] Не удалось поесть:
2025-09-14 18:57:09 [ERROR] Не удалось поесть:
2025-09-14 18:57:09 [ERROR] Не удалось поесть:
2025-09-14 18:57:10 [ERROR] Не удалось поесть:
2025-09-14 18:57:10 [ERROR] Не удалось поесть:
2025-09-14 18:57:11 [ERROR] Не удалось поесть:
2025-09-14 18:57:11 [ERROR] Не удалось поесть:
2025-09-14 18:57:12 [ERROR] Не удалось поесть:
2025-09-14 18:57:13 [ERROR] Не удалось поесть:
2025-09-14 18:57:13 [ERROR] Не удалось поесть:
2025-09-14 18:57:14 [ERROR] Не удалось поесть:
2025-09-14 18:57:14 [ERROR] Не удалось поесть:
2025-09-14 18:57:15 [ERROR] Не удалось поесть:
2025-09-14 18:57:15 [ERROR] Не удалось поесть:
2025-09-14 18:57:16 [ERROR] Не удалось поесть:
2025-09-14 18:57:16 [ERROR] Не удалось поесть:
2025-09-14 18:57:17 [ERROR] Не удалось поесть:
2025-09-14 18:57:17 [ERROR] Не удалось поесть:
2025-09-14 18:57:18 [ERROR] Не удалось поесть:
2025-09-14 18:57:18 [ERROR] Не удалось поесть:
2025-09-14 18:57:19 [ERROR] Не удалось поесть:
2025-09-14 18:57:19 [ERROR] Не удалось поесть:
2025-09-14 18:57:20 [ERROR] Не удалось поесть:
2025-09-14 18:57:20 [ERROR] Не удалось поесть:
2025-09-14 18:57:21 [ERROR] Не удалось поесть:
2025-09-14 18:57:21 [ERROR] Не удалось поесть:
2025-09-14 18:57:22 [ERROR] Не удалось поесть:
2025-09-14 18:57:22 [ERROR] Не удалось поесть:
2025-09-14 18:57:23 [ERROR] Не удалось поесть:
2025-09-14 18:57:23 [ERROR] Не удалось поесть:
2025-09-14 18:57:24 [ERROR] Не удалось поесть:
2025-09-14 18:57:24 [ERROR] Не удалось поесть:
2025-09-14 18:57:25 [ERROR] Не удалось поесть:
2025-09-14 18:57:25 [ERROR] Не удалось поесть:
2025-09-14 18:57:26 [ERROR] Не удалось поесть:
2025-09-14 18:57:26 [ERROR] Не удалось поесть:
2025-09-14 18:57:27 [ERROR] Не удалось поесть:
2025-09-14 18:57:27 [ERROR] Не удалось поесть:
2025-09-14 18:57:28 [ERROR] Не удалось поесть:
2025-09-14 18:57:28 [ERROR] Не удалось поесть:
2025-09-14 18:57:29 [ERROR] Не удалось поесть:
2025-09-14 18:57:29 [ERROR] Не удалось поесть:
2025-09-14 18:57:30 [ERROR] Не удалось поесть:
2025-09-14 18:57:30 [ERROR] Не удалось поесть:
2025-09-14 18:57:31 [ERROR] Не удалось поесть:
2025-09-14 18:57:31 [ERROR] Не удалось поесть:
2025-09-14 18:57:32 [ERROR] Не удалось поесть:
2025-09-14 18:57:32 [ERROR] Не удалось поесть:
2025-09-14 18:57:33 [ERROR] Не удалось поесть:
2025-09-14 18:57:33 [ERROR] Не удалось поесть:
2025-09-14 18:57:34 [ERROR] Не удалось поесть:
2025-09-14 18:57:34 [ERROR] Не удалось поесть:
2025-09-14 18:57:35 [ERROR] Не удалось поесть:
2025-09-14 18:57:35 [ERROR] Не удалось поесть:
2025-09-14 18:57:36 [ERROR] Не удалось поесть:
2025-09-14 18:57:36 [ERROR] Не удалось поесть:
2025-09-14 18:57:37 [ERROR] Не удалось поесть:
2025-09-14 18:57:37 [ERROR] Не удалось поесть:
2025-09-14 18:57:38 [ERROR] Не удалось поесть:
2025-09-14 18:57:38 [ERROR] Не удалось поесть:
2025-09-14 18:57:39 [ERROR] Не удалось поесть:
2025-09-14 18:57:39 [ERROR] Не удалось поесть:
2025-09-14 18:57:40 [ERROR] Не удалось поесть:
2025-09-14 18:57:40 [ERROR] Не удалось поесть:
2025-09-14 18:57:41 [ERROR] Не удалось поесть:
2025-09-14 18:57:41 [ERROR] Не удалось поесть:
2025-09-14 18:57:42 [ERROR] Не удалось поесть:
2025-09-14 18:57:42 [ERROR] Не удалось поесть:
2025-09-14 18:57:43 [ERROR] Не удалось поесть:
2025-09-14 18:57:43 [ERROR] Не удалось поесть:
2025-09-14 18:57:44 [ERROR] Не удалось поесть:
2025-09-14 18:57:44 [ERROR] Не удалось поесть:
2025-09-14 18:57:45 [ERROR] Не удалось поесть:
2025-09-14 18:57:45 [ERROR] Не удалось поесть:
2025-09-14 18:57:46 [ERROR] Не удалось поесть:
2025-09-14 18:57:54 [ERROR] Не удалось поесть:
2025-09-14 18:57:55 [ERROR] Не удалось поесть:
2025-09-14 18:57:56 [ERROR] Не удалось поесть:
2025-09-14 18:57:56 [ERROR] Не удалось поесть:
2025-09-14 18:57:57 [ERROR] Не удалось поесть:
2025-09-14 18:58:04 [ERROR] Не удалось поесть:
2025-09-14 18:58:04 [ERROR] Не удалось поесть:
2025-09-14 18:58:05 [ERROR] Не удалось поесть:
2025-09-14 18:58:05 [ERROR] Не удалось поесть:
2025-09-14 18:58:06 [ERROR] Не удалось поесть:
2025-09-14 18:58:06 [ERROR] Не удалось поесть:
2025-09-14 18:58:07 [ERROR] Не удалось поесть:
2025-09-14 18:58:07 [ERROR] Не удалось поесть:
2025-09-14 18:58:08 [ERROR] Не удалось поесть:
2025-09-14 18:58:08 [ERROR] Не удалось поесть:
2025-09-14 18:58:09 [ERROR] Не удалось поесть:
2025-09-14 18:58:09 [ERROR] Не удалось поесть:
2025-09-14 18:58:18 [ERROR] Не удалось поесть:
2025-09-14 18:58:18 [ERROR] Не удалось поесть:
2025-09-14 18:58:19 [ERROR] Не удалось поесть:
2025-09-14 18:58:19 [ERROR] Не удалось поесть:
2025-09-14 18:58:20 [ERROR] Не удалось поесть:
2025-09-14 18:58:20 [ERROR] Не удалось поесть:
2025-09-14 18:58:21 [ERROR] Не удалось поесть:
2025-09-14 18:58:21 [ERROR] Не удалось поесть:
2025-09-14 18:58:22 [ERROR] Не удалось поесть:
2025-09-14 18:58:22 [ERROR] Не удалось поесть:
2025-09-14 18:58:23 [ERROR] Не удалось поесть:
2025-09-14 18:58:23 [ERROR] Не удалось поесть:
2025-09-14 18:58:24 [ERROR] Не удалось поесть:
2025-09-14 18:58:24 [ERROR] Не удалось поесть:
2025-09-14 18:58:25 [ERROR] Не удалось поесть:
2025-09-14 18:58:25 [ERROR] Не удалось поесть:
2025-09-14 18:58:26 [ERROR] Не удалось поесть:
2025-09-14 18:58:26 [ERROR] Не удалось поесть:
2025-09-14 18:58:27 [ERROR] Не удалось поесть:
2025-09-14 18:58:27 [ERROR] Не удалось поесть:
2025-09-14 18:58:28 [ERROR] Не удалось поесть:
2025-09-14 18:58:28 [ERROR] Не удалось поесть:
2025-09-14 18:58:29 [ERROR] Не удалось поесть:
2025-09-14 18:58:29 [ERROR] Не удалось поесть:
2025-09-14 18:58:30 [ERROR] Не удалось поесть:
2025-09-14 18:58:30 [ERROR] Не удалось поесть:
2025-09-14 18:58:38 [ERROR] Не удалось поесть:
2025-09-14 18:58:39 [ERROR] Не удалось поесть:
2025-09-14 18:58:39 [ERROR] Не удалось поесть:
2025-09-14 18:58:40 [ERROR] Не удалось поесть:
2025-09-14 18:58:40 [ERROR] Не удалось поесть:
2025-09-14 18:58:41 [ERROR] Не удалось поесть:
2025-09-14 18:58:41 [ERROR] Не удалось поесть:
2025-09-14 18:58:42 [ERROR] Не удалось поесть:
2025-09-14 18:58:42 [ERROR] Не удалось поесть:
2025-09-14 18:58:43 [ERROR] Не удалось поесть:
2025-09-14 18:58:43 [ERROR] Не удалось поесть:
2025-09-14 18:58:44 [ERROR] Не удалось поесть:
2025-09-14 18:58:44 [ERROR] Не удалось поесть:
2025-09-14 18:58:45 [ERROR] Не удалось поесть:
2025-09-14 18:58:45 [ERROR] Не удалось поесть:
2025-09-14 18:58:46 [ERROR] Не удалось поесть:
2025-09-14 18:58:46 [ERROR] Не удалось поесть:
2025-09-14 18:58:47 [ERROR] Не удалось поесть:
2025-09-14 18:58:47 [ERROR] Не удалось поесть:
2025-09-14 18:58:48 [ERROR] Не удалось поесть:
2025-09-14 18:58:48 [ERROR] Не удалось поесть:
2025-09-14 18:58:49 [ERROR] Не удалось поесть:
2025-09-14 18:58:49 [ERROR] Не удалось поесть:
2025-09-14 18:58:50 [ERROR] Не удалось поесть:
2025-09-14 18:58:50 [ERROR] Не удалось поесть:
2025-09-14 18:58:51 [ERROR] Не удалось поесть:
2025-09-14 18:58:51 [ERROR] Не удалось поесть:
2025-09-14 18:58:52 [ERROR] Не удалось поесть:
2025-09-14 18:58:52 [ERROR] Не удалось поесть:
2025-09-14 18:58:53 [ERROR] Не удалось поесть:
2025-09-14 18:58:53 [ERROR] Не удалось поесть:
2025-09-14 18:58:54 [ERROR] Не удалось поесть:
2025-09-14 18:58:54 [ERROR] Не удалось поесть:
2025-09-14 18:58:55 [ERROR] Не удалось поесть:
2025-09-14 18:58:55 [ERROR] Не удалось поесть:
2025-09-14 18:58:56 [ERROR] Не удалось поесть:
2025-09-14 18:58:57 [ERROR] Не удалось поесть:
2025-09-14 18:58:57 [ERROR] Не удалось поесть:
2025-09-14 18:58:58 [ERROR] Не удалось поесть:
2025-09-14 18:58:58 [ERROR] Не удалось поесть:
2025-09-14 18:58:59 [ERROR] Не удалось поесть:
2025-09-14 18:58:59 [ERROR] Не удалось поесть:
2025-09-14 18:59:00 [ERROR] Не удалось поесть:
2025-09-14 18:59:00 [ERROR] Не удалось поесть:
2025-09-14 18:59:01 [ERROR] Не удалось поесть:
2025-09-14 18:59:01 [ERROR] Не удалось поесть:
2025-09-14 18:59:02 [ERROR] Не удалось поесть:
2025-09-14 18:59:02 [ERROR] Не удалось поесть:
2025-09-14 18:59:03 [ERROR] Не удалось поесть:
2025-09-14 18:59:03 [ERROR] Не удалось поесть:
2025-09-14 18:59:11 [ERROR] Не удалось поесть:  {"0":"{","1":"}"}
2025-09-14 18:59:12 [ERROR] Не удалось поесть:  {"0":"{","1":"}"}
2025-09-14 18:59:12 [ERROR] Не удалось поесть:  {"0":"{","1":"}"}
2025-09-14 18:59:13 [ERROR] Не удалось поесть:  {"0":"{","1":"}"}
2025-09-14 18:59:13 [ERROR] Не удалось поесть:  {"0":"{","1":"}"}
2025-09-14 18:59:14 [ERROR] Не удалось поесть:  {"0":"{","1":"}"}
2025-09-14 18:59:14 [ERROR] Не удалось поесть:  {"0":"{","1":"}"}
2025-09-14 18:59:15 [ERROR] Не удалось поесть:  {"0":"{","1":"}"}
2025-09-14 18:59:15 [ERROR] Не удалось поесть:  {"0":"{","1":"}"}
2025-09-14 18:59:16 [ERROR] Не удалось поесть:  {"0":"{","1":"}"}
2025-09-14 18:59:16 [ERROR] Не удалось поесть:  {"0":"{","1":"}"}
2025-09-14 18:59:17 [ERROR] Не удалось поесть:  {"0":"{","1":"}"}
2025-09-14 18:59:17 [ERROR] Не удалось поесть:  {"0":"{","1":"}"}
2025-09-14 18:59:18 [ERROR] Не удалось поесть:  {"0":"{","1":"}"}
2025-09-14 18:59:18 [ERROR] Не удалось поесть:  {"0":"{","1":"}"}
2025-09-14 18:59:19 [ERROR] Не удалось поесть:  {"0":"{","1":"}"}
2025-09-14 18:59:19 [ERROR] Не удалось поесть:  {"0":"{","1":"}"}
2025-09-14 18:59:20 [ERROR] Не удалось поесть:  {"0":"{","1":"}"}
2025-09-14 18:59:21 [ERROR] Не удалось поесть:  {"0":"{","1":"}"}
2025-09-14 18:59:21 [ERROR] Не удалось поесть:  {"0":"{","1":"}"}
2025-09-14 18:59:22 [ERROR] Не удалось поесть:  {"0":"{","1":"}"}
2025-09-14 18:59:22 [ERROR] Не удалось поесть:  {"0":"{","1":"}"}
2025-09-14 18:59:23 [ERROR] Не удалось поесть:  {"0":"{","1":"}"}
2025-09-14 18:59:23 [ERROR] Не удалось поесть:  {"0":"{","1":"}"}
2025-09-14 18:59:24 [ERROR] Не удалось поесть:  {"0":"{","1":"}"}
2025-09-14 18:59:24 [ERROR] Не удалось поесть:  {"0":"{","1":"}"}
2025-09-14 18:59:25 [ERROR] Не удалось поесть:  {"0":"{","1":"}"}
2025-09-14 18:59:25 [ERROR] Не удалось поесть:  {"0":"{","1":"}"}
2025-09-14 18:59:26 [ERROR] Не удалось поесть:  {"0":"{","1":"}"}
2025-09-14 18:59:26 [ERROR] Не удалось поесть:  {"0":"{","1":"}"}
2025-09-14 18:59:27 [ERROR] Не удалось поесть:  {"0":"{","1":"}"}
2025-09-14 18:59:27 [ERROR] Не удалось поесть:  {"0":"{","1":"}"}
2025-09-14 18:59:28 [ERROR] Не удалось поесть:  {"0":"{","1":"}"}
2025-09-14 18:59:28 [ERROR] Не удалось поесть:  {"0":"{","1":"}"}
2025-09-14 18:59:29 [ERROR] Не удалось поесть:  {"0":"{","1":"}"}
2025-09-14 18:59:38 [ERROR] Не удалось поесть:  {"0":"\"","1":"N","2":"o","3":" ","4":"f","5":"o","6":"o","7":"d","8":" ","9":"s","10":"p","11":"e","12":"c","13":"i","14":"f","15":"i","16":"e","17":"d","18":" ","19":"a","20":"n","21":"d","22":" ","23":"c","24":"o","25":"u","26":"l","27":"d","28":"n","29":"'","30":"t","31":" ","32":"f","33":"i","34":"n","35":"d","36":" ","37":"a","38":" ","39":"c","40":"h","41":"o","42":"i","43":"c","44":"e","45":" ","46":"i","47":"n","48":" ","49":"i","50":"n","51":"v","52":"e","53":"n","54":"t","55":"o","56":"r","57":"y","58":"!","59":"\""}
2025-09-14 18:59:39 [ERROR] Не удалось поесть:  {"0":"\"","1":"N","2":"o","3":" ","4":"f","5":"o","6":"o","7":"d","8":" ","9":"s","10":"p","11":"e","12":"c","13":"i","14":"f","15":"i","16":"e","17":"d","18":" ","19":"a","20":"n","21":"d","22":" ","23":"c","24":"o","25":"u","26":"l","27":"d","28":"n","29":"'","30":"t","31":" ","32":"f","33":"i","34":"n","35":"d","36":" ","37":"a","38":" ","39":"c","40":"h","41":"o","42":"i","43":"c","44":"e","45":" ","46":"i","47":"n","48":" ","49":"i","50":"n","51":"v","52":"e","53":"n","54":"t","55":"o","56":"r","57":"y","58":"!","59":"\""}
2025-09-14 18:59:39 [ERROR] Не удалось поесть:  {"0":"\"","1":"N","2":"o","3":" ","4":"f","5":"o","6":"o","7":"d","8":" ","9":"s","10":"p","11":"e","12":"c","13":"i","14":"f","15":"i","16":"e","17":"d","18":" ","19":"a","20":"n","21":"d","22":" ","23":"c","24":"o","25":"u","26":"l","27":"d","28":"n","29":"'","30":"t","31":" ","32":"f","33":"i","34":"n","35":"d","36":" ","37":"a","38":" ","39":"c","40":"h","41":"o","42":"i","43":"c","44":"e","45":" ","46":"i","47":"n","48":" ","49":"i","50":"n","51":"v","52":"e","53":"n","54":"t","55":"o","56":"r","57":"y","58":"!","59":"\""}
2025-09-14 18:59:40 [ERROR] Не удалось поесть:  {"0":"\"","1":"N","2":"o","3":" ","4":"f","5":"o","6":"o","7":"d","8":" ","9":"s","10":"p","11":"e","12":"c","13":"i","14":"f","15":"i","16":"e","17":"d","18":" ","19":"a","20":"n","21":"d","22":" ","23":"c","24":"o","25":"u","26":"l","27":"d","28":"n","29":"'","30":"t","31":" ","32":"f","33":"i","34":"n","35":"d","36":" ","37":"a","38":" ","39":"c","40":"h","41":"o","42":"i","43":"c","44":"e","45":" ","46":"i","47":"n","48":" ","49":"i","50":"n","51":"v","52":"e","53":"n","54":"t","55":"o","56":"r","57":"y","58":"!","59":"\""}
2025-09-14 18:59:40 [ERROR] Не удалось поесть:  {"0":"\"","1":"N","2":"o","3":" ","4":"f","5":"o","6":"o","7":"d","8":" ","9":"s","10":"p","11":"e","12":"c","13":"i","14":"f","15":"i","16":"e","17":"d","18":" ","19":"a","20":"n","21":"d","22":" ","23":"c","24":"o","25":"u","26":"l","27":"d","28":"n","29":"'","30":"t","31":" ","32":"f","33":"i","34":"n","35":"d","36":" ","37":"a","38":" ","39":"c","40":"h","41":"o","42":"i","43":"c","44":"e","45":" ","46":"i","47":"n","48":" ","49":"i","50":"n","51":"v","52":"e","53":"n","54":"t","55":"o","56":"r","57":"y","58":"!","59":"\""}
2025-09-14 18:59:41 [ERROR] Не удалось поесть:  {"0":"\"","1":"N","2":"o","3":" ","4":"f","5":"o","6":"o","7":"d","8":" ","9":"s","10":"p","11":"e","12":"c","13":"i","14":"f","15":"i","16":"e","17":"d","18":" ","19":"a","20":"n","21":"d","22":" ","23":"c","24":"o","25":"u","26":"l","27":"d","28":"n","29":"'","30":"t","31":" ","32":"f","33":"i","34":"n","35":"d","36":" ","37":"a","38":" ","39":"c","40":"h","41":"o","42":"i","43":"c","44":"e","45":" ","46":"i","47":"n","48":" ","49":"i","50":"n","51":"v","52":"e","53":"n","54":"t","55":"o","56":"r","57":"y","58":"!","59":"\""}
2025-09-14 18:59:41 [ERROR] Не удалось поесть:  {"0":"\"","1":"N","2":"o","3":" ","4":"f","5":"o","6":"o","7":"d","8":" ","9":"s","10":"p","11":"e","12":"c","13":"i","14":"f","15":"i","16":"e","17":"d","18":" ","19":"a","20":"n","21":"d","22":" ","23":"c","24":"o","25":"u","26":"l","27":"d","28":"n","29":"'","30":"t","31":" ","32":"f","33":"i","34":"n","35":"d","36":" ","37":"a","38":" ","39":"c","40":"h","41":"o","42":"i","43":"c","44":"e","45":" ","46":"i","47":"n","48":" ","49":"i","50":"n","51":"v","52":"e","53":"n","54":"t","55":"o","56":"r","57":"y","58":"!","59":"\""}
2025-09-14 18:59:42 [ERROR] Не удалось поесть:  {"0":"\"","1":"N","2":"o","3":" ","4":"f","5":"o","6":"o","7":"d","8":" ","9":"s","10":"p","11":"e","12":"c","13":"i","14":"f","15":"i","16":"e","17":"d","18":" ","19":"a","20":"n","21":"d","22":" ","23":"c","24":"o","25":"u","26":"l","27":"d","28":"n","29":"'","30":"t","31":" ","32":"f","33":"i","34":"n","35":"d","36":" ","37":"a","38":" ","39":"c","40":"h","41":"o","42":"i","43":"c","44":"e","45":" ","46":"i","47":"n","48":" ","49":"i","50":"n","51":"v","52":"e","53":"n","54":"t","55":"o","56":"r","57":"y","58":"!","59":"\""}
2025-09-14 18:59:42 [ERROR] Не удалось поесть:  {"0":"\"","1":"N","2":"o","3":" ","4":"f","5":"o","6":"o","7":"d","8":" ","9":"s","10":"p","11":"e","12":"c","13":"i","14":"f","15":"i","16":"e","17":"d","18":" ","19":"a","20":"n","21":"d","22":" ","23":"c","24":"o","25":"u","26":"l","27":"d","28":"n","29":"'","30":"t","31":" ","32":"f","33":"i","34":"n","35":"d","36":" ","37":"a","38":" ","39":"c","40":"h","41":"o","42":"i","43":"c","44":"e","45":" ","46":"i","47":"n","48":" ","49":"i","50":"n","51":"v","52":"e","53":"n","54":"t","55":"o","56":"r","57":"y","58":"!","59":"\""}
2025-09-14 18:59:43 [ERROR] Не удалось поесть:  {"0":"\"","1":"N","2":"o","3":" ","4":"f","5":"o","6":"o","7":"d","8":" ","9":"s","10":"p","11":"e","12":"c","13":"i","14":"f","15":"i","16":"e","17":"d","18":" ","19":"a","20":"n","21":"d","22":" ","23":"c","24":"o","25":"u","26":"l","27":"d","28":"n","29":"'","30":"t","31":" ","32":"f","33":"i","34":"n","35":"d","36":" ","37":"a","38":" ","39":"c","40":"h","41":"o","42":"i","43":"c","44":"e","45":" ","46":"i","47":"n","48":" ","49":"i","50":"n","51":"v","52":"e","53":"n","54":"t","55":"o","56":"r","57":"y","58":"!","59":"\""}
2025-09-14 18:59:43 [ERROR] Не удалось поесть:  {"0":"\"","1":"N","2":"o","3":" ","4":"f","5":"o","6":"o","7":"d","8":" ","9":"s","10":"p","11":"e","12":"c","13":"i","14":"f","15":"i","16":"e","17":"d","18":" ","19":"a","20":"n","21":"d","22":" ","23":"c","24":"o","25":"u","26":"l","27":"d","28":"n","29":"'","30":"t","31":" ","32":"f","33":"i","34":"n","35":"d","36":" ","37":"a","38":" ","39":"c","40":"h","41":"o","42":"i","43":"c","44":"e","45":" ","46":"i","47":"n","48":" ","49":"i","50":"n","51":"v","52":"e","53":"n","54":"t","55":"o","56":"r","57":"y","58":"!","59":"\""}
2025-09-14 18:59:44 [ERROR] Не удалось поесть:  {"0":"\"","1":"N","2":"o","3":" ","4":"f","5":"o","6":"o","7":"d","8":" ","9":"s","10":"p","11":"e","12":"c","13":"i","14":"f","15":"i","16":"e","17":"d","18":" ","19":"a","20":"n","21":"d","22":" ","23":"c","24":"o","25":"u","26":"l","27":"d","28":"n","29":"'","30":"t","31":" ","32":"f","33":"i","34":"n","35":"d","36":" ","37":"a","38":" ","39":"c","40":"h","41":"o","42":"i","43":"c","44":"e","45":" ","46":"i","47":"n","48":" ","49":"i","50":"n","51":"v","52":"e","53":"n","54":"t","55":"o","56":"r","57":"y","58":"!","59":"\""}
2025-09-14 18:59:44 [ERROR] Не удалось поесть:  {"0":"\"","1":"N","2":"o","3":" ","4":"f","5":"o","6":"o","7":"d","8":" ","9":"s","10":"p","11":"e","12":"c","13":"i","14":"f","15":"i","16":"e","17":"d","18":" ","19":"a","20":"n","21":"d","22":" ","23":"c","24":"o","25":"u","26":"l","27":"d","28":"n","29":"'","30":"t","31":" ","32":"f","33":"i","34":"n","35":"d","36":" ","37":"a","38":" ","39":"c","40":"h","41":"o","42":"i","43":"c","44":"e","45":" ","46":"i","47":"n","48":" ","49":"i","50":"n","51":"v","52":"e","53":"n","54":"t","55":"o","56":"r","57":"y","58":"!","59":"\""}
2025-09-14 18:59:45 [ERROR] Не удалось поесть:  {"0":"\"","1":"N","2":"o","3":" ","4":"f","5":"o","6":"o","7":"d","8":" ","9":"s","10":"p","11":"e","12":"c","13":"i","14":"f","15":"i","16":"e","17":"d","18":" ","19":"a","20":"n","21":"d","22":" ","23":"c","24":"o","25":"u","26":"l","27":"d","28":"n","29":"'","30":"t","31":" ","32":"f","33":"i","34":"n","35":"d","36":" ","37":"a","38":" ","39":"c","40":"h","41":"o","42":"i","43":"c","44":"e","45":" ","46":"i","47":"n","48":" ","49":"i","50":"n","51":"v","52":"e","53":"n","54":"t","55":"o","56":"r","57":"y","58":"!","59":"\""}
2025-09-14 18:59:45 [ERROR] Не удалось поесть:  {"0":"\"","1":"N","2":"o","3":" ","4":"f","5":"o","6":"o","7":"d","8":" ","9":"s","10":"p","11":"e","12":"c","13":"i","14":"f","15":"i","16":"e","17":"d","18":" ","19":"a","20":"n","21":"d","22":" ","23":"c","24":"o","25":"u","26":"l","27":"d","28":"n","29":"'","30":"t","31":" ","32":"f","33":"i","34":"n","35":"d","36":" ","37":"a","38":" ","39":"c","40":"h","41":"o","42":"i","43":"c","44":"e","45":" ","46":"i","47":"n","48":" ","49":"i","50":"n","51":"v","52":"e","53":"n","54":"t","55":"o","56":"r","57":"y","58":"!","59":"\""}
2025-09-14 18:59:46 [ERROR] Не удалось поесть:  {"0":"\"","1":"N","2":"o","3":" ","4":"f","5":"o","6":"o","7":"d","8":" ","9":"s","10":"p","11":"e","12":"c","13":"i","14":"f","15":"i","16":"e","17":"d","18":" ","19":"a","20":"n","21":"d","22":" ","23":"c","24":"o","25":"u","26":"l","27":"d","28":"n","29":"'","30":"t","31":" ","32":"f","33":"i","34":"n","35":"d","36":" ","37":"a","38":" ","39":"c","40":"h","41":"o","42":"i","43":"c","44":"e","45":" ","46":"i","47":"n","48":" ","49":"i","50":"n","51":"v","52":"e","53":"n","54":"t","55":"o","56":"r","57":"y","58":"!","59":"\""}
2025-09-14 18:59:46 [ERROR] Не удалось поесть:  {"0":"\"","1":"N","2":"o","3":" ","4":"f","5":"o","6":"o","7":"d","8":" ","9":"s","10":"p","11":"e","12":"c","13":"i","14":"f","15":"i","16":"e","17":"d","18":" ","19":"a","20":"n","21":"d","22":" ","23":"c","24":"o","25":"u","26":"l","27":"d","28":"n","29":"'","30":"t","31":" ","32":"f","33":"i","34":"n","35":"d","36":" ","37":"a","38":" ","39":"c","40":"h","41":"o","42":"i","43":"c","44":"e","45":" ","46":"i","47":"n","48":" ","49":"i","50":"n","51":"v","52":"e","53":"n","54":"t","55":"o","56":"r","57":"y","58":"!","59":"\""}
2025-09-14 18:59:47 [ERROR] Не удалось поесть:  {"0":"\"","1":"N","2":"o","3":" ","4":"f","5":"o","6":"o","7":"d","8":" ","9":"s","10":"p","11":"e","12":"c","13":"i","14":"f","15":"i","16":"e","17":"d","18":" ","19":"a","20":"n","21":"d","22":" ","23":"c","24":"o","25":"u","26":"l","27":"d","28":"n","29":"'","30":"t","31":" ","32":"f","33":"i","34":"n","35":"d","36":" ","37":"a","38":" ","39":"c","40":"h","41":"o","42":"i","43":"c","44":"e","45":" ","46":"i","47":"n","48":" ","49":"i","50":"n","51":"v","52":"e","53":"n","54":"t","55":"o","56":"r","57":"y","58":"!","59":"\""}
2025-09-14 18:59:47 [ERROR] Не удалось поесть:  {"0":"\"","1":"N","2":"o","3":" ","4":"f","5":"o","6":"o","7":"d","8":" ","9":"s","10":"p","11":"e","12":"c","13":"i","14":"f","15":"i","16":"e","17":"d","18":" ","19":"a","20":"n","21":"d","22":" ","23":"c","24":"o","25":"u","26":"l","27":"d","28":"n","29":"'","30":"t","31":" ","32":"f","33":"i","34":"n","35":"d","36":" ","37":"a","38":" ","39":"c","40":"h","41":"o","42":"i","43":"c","44":"e","45":" ","46":"i","47":"n","48":" ","49":"i","50":"n","51":"v","52":"e","53":"n","54":"t","55":"o","56":"r","57":"y","58":"!","59":"\""}
2025-09-14 18:59:48 [ERROR] Не удалось поесть:  {"0":"\"","1":"N","2":"o","3":" ","4":"f","5":"o","6":"o","7":"d","8":" ","9":"s","10":"p","11":"e","12":"c","13":"i","14":"f","15":"i","16":"e","17":"d","18":" ","19":"a","20":"n","21":"d","22":" ","23":"c","24":"o","25":"u","26":"l","27":"d","28":"n","29":"'","30":"t","31":" ","32":"f","33":"i","34":"n","35":"d","36":" ","37":"a","38":" ","39":"c","40":"h","41":"o","42":"i","43":"c","44":"e","45":" ","46":"i","47":"n","48":" ","49":"i","50":"n","51":"v","52":"e","53":"n","54":"t","55":"o","56":"r","57":"y","58":"!","59":"\""}
2025-09-14 18:59:48 [ERROR] Не удалось поесть:  {"0":"\"","1":"N","2":"o","3":" ","4":"f","5":"o","6":"o","7":"d","8":" ","9":"s","10":"p","11":"e","12":"c","13":"i","14":"f","15":"i","16":"e","17":"d","18":" ","19":"a","20":"n","21":"d","22":" ","23":"c","24":"o","25":"u","26":"l","27":"d","28":"n","29":"'","30":"t","31":" ","32":"f","33":"i","34":"n","35":"d","36":" ","37":"a","38":" ","39":"c","40":"h","41":"o","42":"i","43":"c","44":"e","45":" ","46":"i","47":"n","48":" ","49":"i","50":"n","51":"v","52":"e","53":"n","54":"t","55":"o","56":"r","57":"y","58":"!","59":"\""}
2025-09-14 18:59:56 [ERROR] Не удалось поесть:  {"0":"N","1":"o","2":" ","3":"f","4":"o","5":"o","6":"d","7":" ","8":"s","9":"p","10":"e","11":"c","12":"i","13":"f","14":"i","15":"e","16":"d","17":" ","18":"a","19":"n","20":"d","21":" ","22":"c","23":"o","24":"u","25":"l","26":"d","27":"n","28":"'","29":"t","30":" ","31":"f","32":"i","33":"n","34":"d","35":" ","36":"a","37":" ","38":"c","39":"h","40":"o","41":"i","42":"c","43":"e","44":" ","45":"i","46":"n","47":" ","48":"i","49":"n","50":"v","51":"e","52":"n","53":"t","54":"o","55":"r","56":"y","57":"!"}
2025-09-14 18:59:56 [ERROR] Не удалось поесть:  {"0":"N","1":"o","2":" ","3":"f","4":"o","5":"o","6":"d","7":" ","8":"s","9":"p","10":"e","11":"c","12":"i","13":"f","14":"i","15":"e","16":"d","17":" ","18":"a","19":"n","20":"d","21":" ","22":"c","23":"o","24":"u","25":"l","26":"d","27":"n","28":"'","29":"t","30":" ","31":"f","32":"i","33":"n","34":"d","35":" ","36":"a","37":" ","38":"c","39":"h","40":"o","41":"i","42":"c","43":"e","44":" ","45":"i","46":"n","47":" ","48":"i","49":"n","50":"v","51":"e","52":"n","53":"t","54":"o","55":"r","56":"y","57":"!"}
2025-09-14 18:59:57 [ERROR] Не удалось поесть:  {"0":"N","1":"o","2":" ","3":"f","4":"o","5":"o","6":"d","7":" ","8":"s","9":"p","10":"e","11":"c","12":"i","13":"f","14":"i","15":"e","16":"d","17":" ","18":"a","19":"n","20":"d","21":" ","22":"c","23":"o","24":"u","25":"l","26":"d","27":"n","28":"'","29":"t","30":" ","31":"f","32":"i","33":"n","34":"d","35":" ","36":"a","37":" ","38":"c","39":"h","40":"o","41":"i","42":"c","43":"e","44":" ","45":"i","46":"n","47":" ","48":"i","49":"n","50":"v","51":"e","52":"n","53":"t","54":"o","55":"r","56":"y","57":"!"}
2025-09-14 18:59:57 [ERROR] Не удалось поесть:  {"0":"N","1":"o","2":" ","3":"f","4":"o","5":"o","6":"d","7":" ","8":"s","9":"p","10":"e","11":"c","12":"i","13":"f","14":"i","15":"e","16":"d","17":" ","18":"a","19":"n","20":"d","21":" ","22":"c","23":"o","24":"u","25":"l","26":"d","27":"n","28":"'","29":"t","30":" ","31":"f","32":"i","33":"n","34":"d","35":" ","36":"a","37":" ","38":"c","39":"h","40":"o","41":"i","42":"c","43":"e","44":" ","45":"i","46":"n","47":" ","48":"i","49":"n","50":"v","51":"e","52":"n","53":"t","54":"o","55":"r","56":"y","57":"!"}
2025-09-14 18:59:58 [ERROR] Не удалось поесть:  {"0":"N","1":"o","2":" ","3":"f","4":"o","5":"o","6":"d","7":" ","8":"s","9":"p","10":"e","11":"c","12":"i","13":"f","14":"i","15":"e","16":"d","17":" ","18":"a","19":"n","20":"d","21":" ","22":"c","23":"o","24":"u","25":"l","26":"d","27":"n","28":"'","29":"t","30":" ","31":"f","32":"i","33":"n","34":"d","35":" ","36":"a","37":" ","38":"c","39":"h","40":"o","41":"i","42":"c","43":"e","44":" ","45":"i","46":"n","47":" ","48":"i","49":"n","50":"v","51":"e","52":"n","53":"t","54":"o","55":"r","56":"y","57":"!"}
2025-09-14 18:59:58 [ERROR] Не удалось поесть:  {"0":"N","1":"o","2":" ","3":"f","4":"o","5":"o","6":"d","7":" ","8":"s","9":"p","10":"e","11":"c","12":"i","13":"f","14":"i","15":"e","16":"d","17":" ","18":"a","19":"n","20":"d","21":" ","22":"c","23":"o","24":"u","25":"l","26":"d","27":"n","28":"'","29":"t","30":" ","31":"f","32":"i","33":"n","34":"d","35":" ","36":"a","37":" ","38":"c","39":"h","40":"o","41":"i","42":"c","43":"e","44":" ","45":"i","46":"n","47":" ","48":"i","49":"n","50":"v","51":"e","52":"n","53":"t","54":"o","55":"r","56":"y","57":"!"}
2025-09-14 18:59:59 [ERROR] Не удалось поесть:  {"0":"N","1":"o","2":" ","3":"f","4":"o","5":"o","6":"d","7":" ","8":"s","9":"p","10":"e","11":"c","12":"i","13":"f","14":"i","15":"e","16":"d","17":" ","18":"a","19":"n","20":"d","21":" ","22":"c","23":"o","24":"u","25":"l","26":"d","27":"n","28":"'","29":"t","30":" ","31":"f","32":"i","33":"n","34":"d","35":" ","36":"a","37":" ","38":"c","39":"h","40":"o","41":"i","42":"c","43":"e","44":" ","45":"i","46":"n","47":" ","48":"i","49":"n","50":"v","51":"e","52":"n","53":"t","54":"o","55":"r","56":"y","57":"!"}
2025-09-14 18:59:59 [ERROR] Не удалось поесть:  {"0":"N","1":"o","2":" ","3":"f","4":"o","5":"o","6":"d","7":" ","8":"s","9":"p","10":"e","11":"c","12":"i","13":"f","14":"i","15":"e","16":"d","17":" ","18":"a","19":"n","20":"d","21":" ","22":"c","23":"o","24":"u","25":"l","26":"d","27":"n","28":"'","29":"t","30":" ","31":"f","32":"i","33":"n","34":"d","35":" ","36":"a","37":" ","38":"c","39":"h","40":"o","41":"i","42":"c","43":"e","44":" ","45":"i","46":"n","47":" ","48":"i","49":"n","50":"v","51":"e","52":"n","53":"t","54":"o","55":"r","56":"y","57":"!"}
2025-09-14 19:00:00 [ERROR] Не удалось поесть:  {"0":"N","1":"o","2":" ","3":"f","4":"o","5":"o","6":"d","7":" ","8":"s","9":"p","10":"e","11":"c","12":"i","13":"f","14":"i","15":"e","16":"d","17":" ","18":"a","19":"n","20":"d","21":" ","22":"c","23":"o","24":"u","25":"l","26":"d","27":"n","28":"'","29":"t","30":" ","31":"f","32":"i","33":"n","34":"d","35":" ","36":"a","37":" ","38":"c","39":"h","40":"o","41":"i","42":"c","43":"e","44":" ","45":"i","46":"n","47":" ","48":"i","49":"n","50":"v","51":"e","52":"n","53":"t","54":"o","55":"r","56":"y","57":"!"}
2025-09-14 19:00:00 [ERROR] Не удалось поесть:  {"0":"N","1":"o","2":" ","3":"f","4":"o","5":"o","6":"d","7":" ","8":"s","9":"p","10":"e","11":"c","12":"i","13":"f","14":"i","15":"e","16":"d","17":" ","18":"a","19":"n","20":"d","21":" ","22":"c","23":"o","24":"u","25":"l","26":"d","27":"n","28":"'","29":"t","30":" ","31":"f","32":"i","33":"n","34":"d","35":" ","36":"a","37":" ","38":"c","39":"h","40":"o","41":"i","42":"c","43":"e","44":" ","45":"i","46":"n","47":" ","48":"i","49":"n","50":"v","51":"e","52":"n","53":"t","54":"o","55":"r","56":"y","57":"!"}
2025-09-14 19:00:01 [ERROR] Не удалось поесть:  {"0":"N","1":"o","2":" ","3":"f","4":"o","5":"o","6":"d","7":" ","8":"s","9":"p","10":"e","11":"c","12":"i","13":"f","14":"i","15":"e","16":"d","17":" ","18":"a","19":"n","20":"d","21":" ","22":"c","23":"o","24":"u","25":"l","26":"d","27":"n","28":"'","29":"t","30":" ","31":"f","32":"i","33":"n","34":"d","35":" ","36":"a","37":" ","38":"c","39":"h","40":"o","41":"i","42":"c","43":"e","44":" ","45":"i","46":"n","47":" ","48":"i","49":"n","50":"v","51":"e","52":"n","53":"t","54":"o","55":"r","56":"y","57":"!"}
2025-09-14 19:00:01 [ERROR] Не удалось поесть:  {"0":"N","1":"o","2":" ","3":"f","4":"o","5":"o","6":"d","7":" ","8":"s","9":"p","10":"e","11":"c","12":"i","13":"f","14":"i","15":"e","16":"d","17":" ","18":"a","19":"n","20":"d","21":" ","22":"c","23":"o","24":"u","25":"l","26":"d","27":"n","28":"'","29":"t","30":" ","31":"f","32":"i","33":"n","34":"d","35":" ","36":"a","37":" ","38":"c","39":"h","40":"o","41":"i","42":"c","43":"e","44":" ","45":"i","46":"n","47":" ","48":"i","49":"n","50":"v","51":"e","52":"n","53":"t","54":"o","55":"r","56":"y","57":"!"}
2025-09-14 19:00:02 [ERROR] Не удалось поесть:  {"0":"N","1":"o","2":" ","3":"f","4":"o","5":"o","6":"d","7":" ","8":"s","9":"p","10":"e","11":"c","12":"i","13":"f","14":"i","15":"e","16":"d","17":" ","18":"a","19":"n","20":"d","21":" ","22":"c","23":"o","24":"u","25":"l","26":"d","27":"n","28":"'","29":"t","30":" ","31":"f","32":"i","33":"n","34":"d","35":" ","36":"a","37":" ","38":"c","39":"h","40":"o","41":"i","42":"c","43":"e","44":" ","45":"i","46":"n","47":" ","48":"i","49":"n","50":"v","51":"e","52":"n","53":"t","54":"o","55":"r","56":"y","57":"!"}
2025-09-14 19:00:02 [ERROR] Не удалось поесть:  {"0":"N","1":"o","2":" ","3":"f","4":"o","5":"o","6":"d","7":" ","8":"s","9":"p","10":"e","11":"c","12":"i","13":"f","14":"i","15":"e","16":"d","17":" ","18":"a","19":"n","20":"d","21":" ","22":"c","23":"o","24":"u","25":"l","26":"d","27":"n","28":"'","29":"t","30":" ","31":"f","32":"i","33":"n","34":"d","35":" ","36":"a","37":" ","38":"c","39":"h","40":"o","41":"i","42":"c","43":"e","44":" ","45":"i","46":"n","47":" ","48":"i","49":"n","50":"v","51":"e","52":"n","53":"t","54":"o","55":"r","56":"y","57":"!"}
2025-09-14 19:00:03 [ERROR] Не удалось поесть:  {"0":"N","1":"o","2":" ","3":"f","4":"o","5":"o","6":"d","7":" ","8":"s","9":"p","10":"e","11":"c","12":"i","13":"f","14":"i","15":"e","16":"d","17":" ","18":"a","19":"n","20":"d","21":" ","22":"c","23":"o","24":"u","25":"l","26":"d","27":"n","28":"'","29":"t","30":" ","31":"f","32":"i","33":"n","34":"d","35":" ","36":"a","37":" ","38":"c","39":"h","40":"o","41":"i","42":"c","43":"e","44":" ","45":"i","46":"n","47":" ","48":"i","49":"n","50":"v","51":"e","52":"n","53":"t","54":"o","55":"r","56":"y","57":"!"}
2025-09-14 19:00:03 [ERROR] Не удалось поесть:  {"0":"N","1":"o","2":" ","3":"f","4":"o","5":"o","6":"d","7":" ","8":"s","9":"p","10":"e","11":"c","12":"i","13":"f","14":"i","15":"e","16":"d","17":" ","18":"a","19":"n","20":"d","21":" ","22":"c","23":"o","24":"u","25":"l","26":"d","27":"n","28":"'","29":"t","30":" ","31":"f","32":"i","33":"n","34":"d","35":" ","36":"a","37":" ","38":"c","39":"h","40":"o","41":"i","42":"c","43":"e","44":" ","45":"i","46":"n","47":" ","48":"i","49":"n","50":"v","51":"e","52":"n","53":"t","54":"o","55":"r","56":"y","57":"!"}
2025-09-14 19:00:04 [ERROR] Не удалось поесть:  {"0":"N","1":"o","2":" ","3":"f","4":"o","5":"o","6":"d","7":" ","8":"s","9":"p","10":"e","11":"c","12":"i","13":"f","14":"i","15":"e","16":"d","17":" ","18":"a","19":"n","20":"d","21":" ","22":"c","23":"o","24":"u","25":"l","26":"d","27":"n","28":"'","29":"t","30":" ","31":"f","32":"i","33":"n","34":"d","35":" ","36":"a","37":" ","38":"c","39":"h","40":"o","41":"i","42":"c","43":"e","44":" ","45":"i","46":"n","47":" ","48":"i","49":"n","50":"v","51":"e","52":"n","53":"t","54":"o","55":"r","56":"y","57":"!"}
2025-09-14 19:00:04 [ERROR] Не удалось поесть:  {"0":"N","1":"o","2":" ","3":"f","4":"o","5":"o","6":"d","7":" ","8":"s","9":"p","10":"e","11":"c","12":"i","13":"f","14":"i","15":"e","16":"d","17":" ","18":"a","19":"n","20":"d","21":" ","22":"c","23":"o","24":"u","25":"l","26":"d","27":"n","28":"'","29":"t","30":" ","31":"f","32":"i","33":"n","34":"d","35":" ","36":"a","37":" ","38":"c","39":"h","40":"o","41":"i","42":"c","43":"e","44":" ","45":"i","46":"n","47":" ","48":"i","49":"n","50":"v","51":"e","52":"n","53":"t","54":"o","55":"r","56":"y","57":"!"}
2025-09-14 19:00:05 [ERROR] Не удалось поесть:  {"0":"N","1":"o","2":" ","3":"f","4":"o","5":"o","6":"d","7":" ","8":"s","9":"p","10":"e","11":"c","12":"i","13":"f","14":"i","15":"e","16":"d","17":" ","18":"a","19":"n","20":"d","21":" ","22":"c","23":"o","24":"u","25":"l","26":"d","27":"n","28":"'","29":"t","30":" ","31":"f","32":"i","33":"n","34":"d","35":" ","36":"a","37":" ","38":"c","39":"h","40":"o","41":"i","42":"c","43":"e","44":" ","45":"i","46":"n","47":" ","48":"i","49":"n","50":"v","51":"e","52":"n","53":"t","54":"o","55":"r","56":"y","57":"!"}
2025-09-14 19:00:05 [ERROR] Не удалось поесть:  {"0":"N","1":"o","2":" ","3":"f","4":"o","5":"o","6":"d","7":" ","8":"s","9":"p","10":"e","11":"c","12":"i","13":"f","14":"i","15":"e","16":"d","17":" ","18":"a","19":"n","20":"d","21":" ","22":"c","23":"o","24":"u","25":"l","26":"d","27":"n","28":"'","29":"t","30":" ","31":"f","32":"i","33":"n","34":"d","35":" ","36":"a","37":" ","38":"c","39":"h","40":"o","41":"i","42":"c","43":"e","44":" ","45":"i","46":"n","47":" ","48":"i","49":"n","50":"v","51":"e","52":"n","53":"t","54":"o","55":"r","56":"y","57":"!"}
2025-09-14 19:00:06 [ERROR] Не удалось поесть:  {"0":"N","1":"o","2":" ","3":"f","4":"o","5":"o","6":"d","7":" ","8":"s","9":"p","10":"e","11":"c","12":"i","13":"f","14":"i","15":"e","16":"d","17":" ","18":"a","19":"n","20":"d","21":" ","22":"c","23":"o","24":"u","25":"l","26":"d","27":"n","28":"'","29":"t","30":" ","31":"f","32":"i","33":"n","34":"d","35":" ","36":"a","37":" ","38":"c","39":"h","40":"o","41":"i","42":"c","43":"e","44":" ","45":"i","46":"n","47":" ","48":"i","49":"n","50":"v","51":"e","52":"n","53":"t","54":"o","55":"r","56":"y","57":"!"}
2025-09-14 19:00:06 [ERROR] Не удалось поесть:  {"0":"N","1":"o","2":" ","3":"f","4":"o","5":"o","6":"d","7":" ","8":"s","9":"p","10":"e","11":"c","12":"i","13":"f","14":"i","15":"e","16":"d","17":" ","18":"a","19":"n","20":"d","21":" ","22":"c","23":"o","24":"u","25":"l","26":"d","27":"n","28":"'","29":"t","30":" ","31":"f","32":"i","33":"n","34":"d","35":" ","36":"a","37":" ","38":"c","39":"h","40":"o","41":"i","42":"c","43":"e","44":" ","45":"i","46":"n","47":" ","48":"i","49":"n","50":"v","51":"e","52":"n","53":"t","54":"o","55":"r","56":"y","57":"!"}
2025-09-14 19:00:07 [ERROR] Не удалось поесть:  {"0":"N","1":"o","2":" ","3":"f","4":"o","5":"o","6":"d","7":" ","8":"s","9":"p","10":"e","11":"c","12":"i","13":"f","14":"i","15":"e","16":"d","17":" ","18":"a","19":"n","20":"d","21":" ","22":"c","23":"o","24":"u","25":"l","26":"d","27":"n","28":"'","29":"t","30":" ","31":"f","32":"i","33":"n","34":"d","35":" ","36":"a","37":" ","38":"c","39":"h","40":"o","41":"i","42":"c","43":"e","44":" ","45":"i","46":"n","47":" ","48":"i","49":"n","50":"v","51":"e","52":"n","53":"t","54":"o","55":"r","56":"y","57":"!"}
2025-09-14 19:00:07 [ERROR] Не удалось поесть:  {"0":"N","1":"o","2":" ","3":"f","4":"o","5":"o","6":"d","7":" ","8":"s","9":"p","10":"e","11":"c","12":"i","13":"f","14":"i","15":"e","16":"d","17":" ","18":"a","19":"n","20":"d","21":" ","22":"c","23":"o","24":"u","25":"l","26":"d","27":"n","28":"'","29":"t","30":" ","31":"f","32":"i","33":"n","34":"d","35":" ","36":"a","37":" ","38":"c","39":"h","40":"o","41":"i","42":"c","43":"e","44":" ","45":"i","46":"n","47":" ","48":"i","49":"n","50":"v","51":"e","52":"n","53":"t","54":"o","55":"r","56":"y","57":"!"}
2025-09-14 19:00:08 [ERROR] Не удалось поесть:  {"0":"N","1":"o","2":" ","3":"f","4":"o","5":"o","6":"d","7":" ","8":"s","9":"p","10":"e","11":"c","12":"i","13":"f","14":"i","15":"e","16":"d","17":" ","18":"a","19":"n","20":"d","21":" ","22":"c","23":"o","24":"u","25":"l","26":"d","27":"n","28":"'","29":"t","30":" ","31":"f","32":"i","33":"n","34":"d","35":" ","36":"a","37":" ","38":"c","39":"h","40":"o","41":"i","42":"c","43":"e","44":" ","45":"i","46":"n","47":" ","48":"i","49":"n","50":"v","51":"e","52":"n","53":"t","54":"o","55":"r","56":"y","57":"!"}
2025-09-14 19:00:15 [ERROR] Не удалось поесть: No food specified and couldn't find a choice in inventory!
2025-09-14 19:00:15 [ERROR] Не удалось поесть: No food specified and couldn't find a choice in inventory!
2025-09-14 19:00:16 [ERROR] Не удалось поесть: No food specified and couldn't find a choice in inventory!
2025-09-14 19:00:16 [ERROR] Не удалось поесть: No food specified and couldn't find a choice in inventory!
2025-09-14 19:00:17 [ERROR] Не удалось поесть: No food specified and couldn't find a choice in inventory!
2025-09-14 19:00:17 [ERROR] Не удалось поесть: No food specified and couldn't find a choice in inventory!
2025-09-14 19:00:18 [ERROR] Не удалось поесть: No food specified and couldn't find a choice in inventory!
2025-09-14 19:00:18 [ERROR] Не удалось поесть: No food specified and couldn't find a choice in inventory!
2025-09-14 19:00:19 [ERROR] Не удалось поесть: No food specified and couldn't find a choice in inventory!
2025-09-14 19:00:19 [ERROR] Не удалось поесть: No food specified and couldn't find a choice in inventory!
2025-09-14 19:00:20 [ERROR] Не удалось поесть: No food specified and couldn't find a choice in inventory!
2025-09-14 19:00:20 [ERROR] Не удалось поесть: No food specified and couldn't find a choice in inventory!
2025-09-14 19:00:21 [ERROR] Не удалось поесть: No food specified and couldn't find a choice in inventory!
2025-09-14 19:00:21 [ERROR] Не удалось поесть: No food specified and couldn't find a choice in inventory!
2025-09-14 19:00:22 [ERROR] Не удалось поесть: No food specified and couldn't find a choice in inventory!
2025-09-14 19:00:22 [ERROR] Не удалось поесть: No food specified and couldn't find a choice in inventory!
2025-09-14 19:00:23 [ERROR] Не удалось поесть: No food specified and couldn't find a choice in inventory!
2025-09-14 19:00:23 [ERROR] Не удалось поесть: No food specified and couldn't find a choice in inventory!
2025-09-14 19:00:24 [ERROR] Не удалось поесть: No food specified and couldn't find a choice in inventory!
2025-09-14 19:00:24 [ERROR] Не удалось поесть: No food specified and couldn't find a choice in inventory!
2025-09-14 19:00:25 [ERROR] Не удалось поесть: No food specified and couldn't find a choice in inventory!
2025-09-14 19:00:25 [ERROR] Не удалось поесть: No food specified and couldn't find a choice in inventory!
2025-09-14 19:00:26 [ERROR] Не удалось поесть: No food specified and couldn't find a choice in inventory!
2025-09-14 19:00:26 [ERROR] Не удалось поесть: No food specified and couldn't find a choice in inventory!
2025-09-14 19:00:27 [ERROR] Не удалось поесть: No food specified and couldn't find a choice in inventory!
2025-09-14 19:00:27 [ERROR] Не удалось поесть: No food specified and couldn't find a choice in inventory!
2025-09-14 19:00:28 [ERROR] Не удалось поесть: No food specified and couldn't find a choice in inventory!
2025-09-14 19:00:28 [ERROR] Не удалось поесть: No food specified and couldn't find a choice in inventory!
2025-09-14 19:00:29 [ERROR] Не удалось поесть: No food specified and couldn't find a choice in inventory!
2025-09-14 19:00:29 [ERROR] Не удалось поесть: No food specified and couldn't find a choice in inventory!
2025-09-14 19:00:30 [ERROR] Не удалось поесть: No food specified and couldn't find a choice in inventory!
2025-09-14 19:00:30 [ERROR] Не удалось поесть: No food specified and couldn't find a choice in inventory!
2025-09-14 19:00:31 [ERROR] Не удалось поесть: No food specified and couldn't find a choice in inventory!
2025-09-14 19:00:32 [ERROR] Не удалось поесть: No food specified and couldn't find a choice in inventory!
2025-09-14 19:00:32 [ERROR] Не удалось поесть: No food specified and couldn't find a choice in inventory!
2025-09-14 19:00:33 [ERROR] Не удалось поесть: No food specified and couldn't find a choice in inventory!
2025-09-14 19:00:33 [ERROR] Не удалось поесть: No food specified and couldn't find a choice in inventory!
2025-09-14 19:00:34 [ERROR] Не удалось поесть: No food specified and couldn't find a choice in inventory!
2025-09-14 19:00:34 [ERROR] Не удалось поесть: No food specified and couldn't find a choice in inventory!
2025-09-14 19:00:35 [ERROR] Не удалось поесть: No food specified and couldn't find a choice in inventory!
2025-09-14 19:00:35 [ERROR] Не удалось поесть: No food specified and couldn't find a choice in inventory!
2025-09-14 19:00:36 [ERROR] Не удалось поесть: No food specified and couldn't find a choice in inventory!
2025-09-14 19:00:36 [ERROR] Не удалось поесть: No food specified and couldn't find a choice in inventory!
2025-09-14 19:00:37 [ERROR] Не удалось поесть: No food specified and couldn't find a choice in inventory!
2025-09-14 19:00:37 [ERROR] Не удалось поесть: No food specified and couldn't find a choice in inventory!
2025-09-14 19:00:38 [ERROR] Не удалось поесть: No food specified and couldn't find a choice in inventory!
2025-09-14 19:00:38 [ERROR] Не удалось поесть: No food specified and couldn't find a choice in inventory!
2025-09-14 19:00:39 [ERROR] Не удалось поесть: No food specified and couldn't find a choice in inventory!
2025-09-14 19:00:39 [ERROR] Не удалось поесть: No food specified and couldn't find a choice in inventory!
2025-09-14 19:00:40 [ERROR] Не удалось поесть: No food specified and couldn't find a choice in inventory!
2025-09-14 19:00:47 [ERROR] Не удалось поесть: {}
2025-09-14 19:00:48 [ERROR] Не удалось поесть: {}
2025-09-14 19:00:48 [ERROR] Не удалось поесть: {}
2025-09-14 19:00:49 [ERROR] Не удалось поесть: {}
2025-09-14 19:00:49 [ERROR] Не удалось поесть: {}
2025-09-14 19:00:50 [ERROR] Не удалось поесть: {}
2025-09-14 19:00:50 [ERROR] Не удалось поесть: {}
2025-09-14 19:00:51 [ERROR] Не удалось поесть: {}
2025-09-14 19:00:51 [ERROR] Не удалось поесть: {}
2025-09-14 19:00:52 [ERROR] Не удалось поесть: {}
2025-09-14 19:00:52 [ERROR] Не удалось поесть: {}
2025-09-14 19:00:53 [ERROR] Не удалось поесть: {}
2025-09-14 19:00:53 [ERROR] Не удалось поесть: {}
2025-09-14 19:00:54 [ERROR] Не удалось поесть: {}
2025-09-14 19:00:54 [ERROR] Не удалось поесть: {}
2025-09-14 19:00:55 [ERROR] Не удалось поесть: {}
2025-09-14 19:00:55 [ERROR] Не удалось поесть: {}
2025-09-14 19:00:56 [ERROR] Не удалось поесть: {}
2025-09-14 19:00:56 [ERROR] Не удалось поесть: {}
2025-09-14 19:00:57 [ERROR] Не удалось поесть: {}
2025-09-14 19:00:57 [ERROR] Не удалось поесть: {}
2025-09-14 19:00:58 [ERROR] Не удалось поесть: {}
2025-09-14 19:00:58 [ERROR] Не удалось поесть: {}
2025-09-14 19:00:59 [ERROR] Не удалось поесть: {}
2025-09-14 19:00:59 [ERROR] Не удалось поесть: {}
2025-09-14 19:01:00 [ERROR] Не удалось поесть: {}
2025-09-14 19:01:00 [ERROR] Не удалось поесть: {}
2025-09-14 19:01:01 [ERROR] Не удалось поесть: {}
2025-09-14 19:01:01 [ERROR] Не удалось поесть: {}
2025-09-14 19:01:02 [ERROR] Не удалось поесть: {}
2025-09-14 19:01:02 [ERROR] Не удалось поесть: {}
2025-09-14 19:01:03 [ERROR] Не удалось поесть: {}
2025-09-14 19:01:03 [ERROR] Не удалось поесть: {}
2025-09-14 19:01:04 [ERROR] Не удалось поесть: {}
2025-09-14 19:01:04 [ERROR] Не удалось поесть: {}
2025-09-14 19:01:05 [ERROR] Не удалось поесть: {}
2025-09-14 19:01:05 [ERROR] Не удалось поесть: {}
2025-09-14 19:01:06 [ERROR] Не удалось поесть: {}
2025-09-14 19:01:06 [ERROR] Не удалось поесть: {}
2025-09-14 19:01:07 [ERROR] Не удалось поесть: {}
2025-09-14 19:01:07 [ERROR] Не удалось поесть: {}
2025-09-14 19:01:08 [ERROR] Не удалось поесть: {}
2025-09-14 19:01:08 [ERROR] Не удалось поесть: {}
2025-09-14 19:01:09 [ERROR] Не удалось поесть: {}
2025-09-14 19:01:09 [ERROR] Не удалось поесть: {}
2025-09-14 19:01:10 [ERROR] Не удалось поесть: {}
2025-09-14 19:01:10 [ERROR] Не удалось поесть: {}
2025-09-14 19:01:11 [ERROR] Не удалось поесть: {}
2025-09-14 19:01:11 [ERROR] Не удалось поесть: {}
2025-09-14 19:01:12 [ERROR] Не удалось поесть: {}
2025-09-14 19:01:12 [ERROR] Не удалось поесть: {}
2025-09-14 19:01:13 [ERROR] Не удалось поесть: {}
2025-09-14 19:01:13 [ERROR] Не удалось поесть: {}
2025-09-14 19:01:14 [ERROR] Не удалось поесть: {}
2025-09-14 19:01:14 [ERROR] Не удалось поесть: {}
2025-09-14 19:01:15 [ERROR] Не удалось поесть: {}
2025-09-14 19:01:15 [ERROR] Не удалось поесть: {}
2025-09-14 19:01:16 [ERROR] Не удалось поесть: {}
2025-09-14 19:01:16 [ERROR] Не удалось поесть: {}
2025-09-14 19:01:17 [ERROR] Не удалось поесть: {}
2025-09-14 19:01:17 [ERROR] Не удалось поесть: {}
2025-09-14 19:01:18 [ERROR] Не удалось поесть: {}
2025-09-14 19:01:18 [ERROR] Не удалось поесть: {}
2025-09-14 19:01:19 [ERROR] Не удалось поесть: {}
2025-09-14 19:01:19 [ERROR] Не удалось поесть: {}
2025-09-14 19:01:20 [ERROR] Не удалось поесть: {}
2025-09-14 19:01:20 [ERROR] Не удалось поесть: {}
2025-09-14 19:01:21 [ERROR] Не удалось поесть: {}
2025-09-14 19:01:21 [ERROR] Не удалось поесть: {}
2025-09-14 19:01:22 [ERROR] Не удалось поесть: {}
2025-09-14 19:01:22 [ERROR] Не удалось поесть: {}
2025-09-14 19:01:29 [ERROR] Не удалось поесть: No food specified and couldn't find a choice in inventory!
2025-09-14 19:01:29 [ERROR] Не удалось поесть: No food specified and couldn't find a choice in inventory!
2025-09-14 19:01:30 [ERROR] Не удалось поесть: No food specified and couldn't find a choice in inventory!
2025-09-14 19:01:30 [ERROR] Не удалось поесть: No food specified and couldn't find a choice in inventory!
2025-09-14 19:01:31 [ERROR] Не удалось поесть: No food specified and couldn't find a choice in inventory!
2025-09-14 19:01:31 [ERROR] Не удалось поесть: No food specified and couldn't find a choice in inventory!
2025-09-14 19:01:32 [ERROR] Не удалось поесть: No food specified and couldn't find a choice in inventory!
2025-09-14 19:01:32 [ERROR] Не удалось поесть: No food specified and couldn't find a choice in inventory!
2025-09-14 19:01:33 [ERROR] Не удалось поесть: No food specified and couldn't find a choice in inventory!
2025-09-14 19:01:33 [ERROR] Не удалось поесть: No food specified and couldn't find a choice in inventory!
2025-09-14 19:01:34 [ERROR] Не удалось поесть: No food specified and couldn't find a choice in inventory!
2025-09-14 19:01:34 [ERROR] Не удалось поесть: No food specified and couldn't find a choice in inventory!
2025-09-14 19:01:35 [ERROR] Не удалось поесть: No food specified and couldn't find a choice in inventory!
2025-09-14 19:01:35 [ERROR] Не удалось поесть: No food specified and couldn't find a choice in inventory!
2025-09-14 19:01:36 [ERROR] Не удалось поесть: No food specified and couldn't find a choice in inventory!
2025-09-14 19:01:36 [ERROR] Не удалось поесть: No food specified and couldn't find a choice in inventory!
2025-09-14 19:01:37 [ERROR] Не удалось поесть: No food specified and couldn't find a choice in inventory!
2025-09-14 19:01:38 [ERROR] Не удалось поесть: No food specified and couldn't find a choice in inventory!
2025-09-14 19:01:38 [ERROR] Не удалось поесть: No food specified and couldn't find a choice in inventory!
2025-09-14 19:01:39 [ERROR] Не удалось поесть: No food specified and couldn't find a choice in inventory!
2025-09-14 19:01:39 [ERROR] Не удалось поесть: No food specified and couldn't find a choice in inventory!
2025-09-14 19:01:40 [ERROR] Не удалось поесть: No food specified and couldn't find a choice in inventory!
2025-09-14 19:01:40 [ERROR] Не удалось поесть: No food specified and couldn't find a choice in inventory!
2025-09-14 19:01:41 [ERROR] Не удалось поесть: No food specified and couldn't find a choice in inventory!
2025-09-14 19:01:41 [ERROR] Не удалось поесть: No food specified and couldn't find a choice in inventory!
2025-09-14 19:01:42 [ERROR] Не удалось поесть: No food specified and couldn't find a choice in inventory!
2025-09-14 19:01:42 [ERROR] Не удалось поесть: No food specified and couldn't find a choice in inventory!
2025-09-14 19:01:43 [ERROR] Не удалось поесть: No food specified and couldn't find a choice in inventory!
2025-09-14 19:01:43 [ERROR] Не удалось поесть: No food specified and couldn't find a choice in inventory!
2025-09-14 19:01:44 [ERROR] Не удалось поесть: No food specified and couldn't find a choice in inventory!
2025-09-14 19:01:44 [ERROR] Не удалось поесть: No food specified and couldn't find a choice in inventory!
2025-09-14 19:01:45 [ERROR] Не удалось поесть: No food specified and couldn't find a choice in inventory!
2025-09-14 19:01:45 [ERROR] Не удалось поесть: No food specified and couldn't find a choice in inventory!
2025-09-14 19:01:46 [ERROR] Не удалось поесть: No food specified and couldn't find a choice in inventory!
2025-09-14 19:01:46 [ERROR] Не удалось поесть: No food specified and couldn't find a choice in inventory!
2025-09-14 19:01:47 [ERROR] Не удалось поесть: No food specified and couldn't find a choice in inventory!
2025-09-14 19:01:47 [ERROR] Не удалось поесть: No food specified and couldn't find a choice in inventory!
2025-09-14 19:01:48 [ERROR] Не удалось поесть: No food specified and couldn't find a choice in inventory!
2025-09-14 19:01:48 [ERROR] Не удалось поесть: No food specified and couldn't find a choice in inventory!
2025-09-14 19:01:49 [ERROR] Не удалось поесть: No food specified and couldn't find a choice in inventory!
2025-09-14 19:01:49 [ERROR] Не удалось поесть: No food specified and couldn't find a choice in inventory!
2025-09-14 19:01:50 [ERROR] Не удалось поесть: No food specified and couldn't find a choice in inventory!
2025-09-14 19:01:50 [ERROR] Не удалось поесть: No food specified and couldn't find a choice in inventory!
2025-09-14 19:01:51 [ERROR] Не удалось поесть: No food specified and couldn't find a choice in inventory!
2025-09-14 19:01:51 [ERROR] Не удалось поесть: No food specified and couldn't find a choice in inventory!
2025-09-14 19:01:52 [ERROR] Не удалось поесть: No food specified and couldn't find a choice in inventory!
2025-09-14 19:01:52 [ERROR] Не удалось поесть: No food specified and couldn't find a choice in inventory!
2025-09-14 19:01:53 [ERROR] Не удалось поесть: No food specified and couldn't find a choice in inventory!
2025-09-14 19:01:53 [ERROR] Не удалось поесть: No food specified and couldn't find a choice in inventory!
2025-09-14 19:01:54 [ERROR] Не удалось поесть: No food specified and couldn't find a choice in inventory!
2025-09-14 19:01:54 [ERROR] Не удалось поесть: No food specified and couldn't find a choice in inventory!
2025-09-14 19:01:55 [ERROR] Не удалось поесть: No food specified and couldn't find a choice in inventory!
2025-09-14 19:01:55 [ERROR] Не удалось поесть: No food specified and couldn't find a choice in inventory!
2025-09-14 19:01:56 [ERROR] Не удалось поесть: No food specified and couldn't find a choice in inventory!
2025-09-14 19:01:56 [ERROR] Не удалось поесть: No food specified and couldn't find a choice in inventory!
2025-09-14 19:01:57 [ERROR] Не удалось поесть: No food specified and couldn't find a choice in inventory!
2025-09-14 19:01:57 [ERROR] Не удалось поесть: No food specified and couldn't find a choice in inventory!
2025-09-14 19:01:58 [ERROR] Не удалось поесть: No food specified and couldn't find a choice in inventory!
2025-09-14 19:02:05 [ERROR] Не удалось поесть: No food specified and couldn't find a choice in inventory!
2025-09-14 19:02:18 [ERROR] Не удалось поесть: No food specified and couldn't find a choice in inventory!
2025-09-14 19:02:18 [ERROR] Не удалось поесть: No food specified and couldn't find a choice in inventory!
2025-09-14 19:02:19 [ERROR] Не удалось поесть: No food specified and couldn't find a choice in inventory!
2025-09-14 19:02:19 [ERROR] Не удалось поесть: No food specified and couldn't find a choice in inventory!
2025-09-14 19:02:20 [ERROR] Не удалось поесть: No food specified and couldn't find a choice in inventory!
2025-09-14 19:02:20 [ERROR] Не удалось поесть: No food specified and couldn't find a choice in inventory!
2025-09-14 19:02:21 [ERROR] Не удалось поесть: No food specified and couldn't find a choice in inventory!
2025-09-14 19:02:21 [ERROR] Не удалось поесть: No food specified and couldn't find a choice in inventory!
2025-09-14 19:02:28 [ERROR] Не удалось поесть: No food specified and couldn't find a choice in inventory!
2025-09-14 19:02:29 [ERROR] Не удалось поесть: No food specified and couldn't find a choice in inventory!
2025-09-14 19:02:29 [ERROR] Не удалось поесть: No food specified and couldn't find a choice in inventory!
2025-09-14 19:02:30 [ERROR] Не удалось поесть: No food specified and couldn't find a choice in inventory!
2025-09-14 19:02:30 [ERROR] Не удалось поесть: No food specified and couldn't find a choice in inventory!
2025-09-14 19:02:31 [ERROR] Не удалось поесть: No food specified and couldn't find a choice in inventory!
2025-09-14 19:02:31 [ERROR] Не удалось поесть: No food specified and couldn't find a choice in inventory!
2025-09-14 19:02:32 [ERROR] Не удалось поесть: No food specified and couldn't find a choice in inventory!
2025-09-14 19:02:32 [ERROR] Не удалось поесть: No food specified and couldn't find a choice in inventory!
2025-09-14 19:02:33 [ERROR] Не удалось поесть: No food specified and couldn't find a choice in inventory!
2025-09-14 19:02:33 [ERROR] Не удалось поесть: No food specified and couldn't find a choice in inventory!
2025-09-14 19:02:34 [ERROR] Не удалось поесть: No food specified and couldn't find a choice in inventory!
2025-09-14 19:02:34 [ERROR] Не удалось поесть: No food specified and couldn't find a choice in inventory!
2025-09-14 19:02:35 [ERROR] Не удалось поесть: No food specified and couldn't find a choice in inventory!
2025-09-14 19:02:35 [ERROR] Не удалось поесть: No food specified and couldn't find a choice in inventory!
2025-09-14 19:02:36 [ERROR] Не удалось поесть: No food specified and couldn't find a choice in inventory!
2025-09-14 19:02:36 [ERROR] Не удалось поесть: No food specified and couldn't find a choice in inventory!
2025-09-14 19:02:37 [ERROR] Не удалось поесть: No food specified and couldn't find a choice in inventory!
2025-09-14 19:02:37 [ERROR] Не удалось поесть: No food specified and couldn't find a choice in inventory!
2025-09-14 19:02:38 [ERROR] Не удалось поесть: No food specified and couldn't find a choice in inventory!
2025-09-14 19:02:38 [ERROR] Не удалось поесть: No food specified and couldn't find a choice in inventory!
2025-09-14 19:02:39 [ERROR] Не удалось поесть: No food specified and couldn't find a choice in inventory!
2025-09-14 19:02:39 [ERROR] Не удалось поесть: No food specified and couldn't find a choice in inventory!
2025-09-14 19:02:40 [ERROR] Не удалось поесть: No food specified and couldn't find a choice in inventory!
2025-09-14 19:02:40 [ERROR] Не удалось поесть: No food specified and couldn't find a choice in inventory!
2025-09-14 19:02:41 [ERROR] Не удалось поесть: No food specified and couldn't find a choice in inventory!
2025-09-14 19:02:41 [ERROR] Не удалось поесть: No food specified and couldn't find a choice in inventory!
2025-09-14 19:02:42 [ERROR] Не удалось поесть: No food specified and couldn't find a choice in inventory!
2025-09-14 19:02:42 [ERROR] Не удалось поесть: No food specified and couldn't find a choice in inventory!
2025-09-14 19:02:43 [ERROR] Не удалось поесть: No food specified and couldn't find a choice in inventory!
2025-09-14 19:02:43 [ERROR] Не удалось поесть: No food specified and couldn't find a choice in inventory!
2025-09-14 19:02:44 [ERROR] Не удалось поесть: No food specified and couldn't find a choice in inventory!
2025-09-14 19:02:44 [ERROR] Не удалось поесть: No food specified and couldn't find a choice in inventory!
2025-09-14 19:02:45 [ERROR] Не удалось поесть: No food specified and couldn't find a choice in inventory!
2025-09-14 19:02:46 [ERROR] Не удалось поесть: No food specified and couldn't find a choice in inventory!
2025-09-14 19:02:46 [ERROR] Не удалось поесть: No food specified and couldn't find a choice in inventory!
2025-09-14 19:02:47 [ERROR] Не удалось поесть: No food specified and couldn't find a choice in inventory!
2025-09-14 19:02:47 [ERROR] Не удалось поесть: No food specified and couldn't find a choice in inventory!
2025-09-14 19:02:48 [ERROR] Не удалось поесть: No food specified and couldn't find a choice in inventory!
2025-09-14 19:02:48 [ERROR] Не удалось поесть: No food specified and couldn't find a choice in inventory!
2025-09-14 19:02:49 [ERROR] Не удалось поесть: No food specified and couldn't find a choice in inventory!
2025-09-14 19:02:49 [ERROR] Не удалось поесть: No food specified and couldn't find a choice in inventory!
2025-09-14 19:02:50 [ERROR] Не удалось поесть: No food specified and couldn't find a choice in inventory!
2025-09-14 19:02:50 [ERROR] Не удалось поесть: No food specified and couldn't find a choice in inventory!
2025-09-14 19:02:51 [ERROR] Не удалось поесть: No food specified and couldn't find a choice in inventory!
2025-09-14 19:02:51 [ERROR] Не удалось поесть: No food specified and couldn't find a choice in inventory!
2025-09-14 19:02:52 [ERROR] Не удалось поесть: No food specified and couldn't find a choice in inventory!
2025-09-14 19:02:52 [ERROR] Не удалось поесть: No food specified and couldn't find a choice in inventory!
2025-09-14 19:03:00 [ERROR] Не удалось поесть: No food specified and couldn't find a choice in inventory!
2025-09-14 19:03:23 [ERROR] Не удалось поесть: No food specified and couldn't find a choice in inventory!
2025-09-14 19:03:24 [ERROR] Не удалось поесть: No food specified and couldn't find a choice in inventory!
2025-09-14 19:03:24 [ERROR] Не удалось поесть: No food specified and couldn't find a choice in inventory!
2025-09-14 19:03:25 [ERROR] Не удалось поесть: No food specified and couldn't find a choice in inventory!
2025-09-14 19:03:25 [ERROR] Не удалось поесть: No food specified and couldn't find a choice in inventory!
2025-09-14 19:03:26 [ERROR] Не удалось поесть: No food specified and couldn't find a choice in inventory!
2025-09-14 19:03:26 [ERROR] Не удалось поесть: No food specified and couldn't find a choice in inventory!
2025-09-14 19:03:27 [ERROR] Не удалось поесть: No food specified and couldn't find a choice in inventory!
2025-09-14 19:03:27 [ERROR] Не удалось поесть: No food specified and couldn't find a choice in inventory!
2025-09-14 19:03:28 [ERROR] Не удалось поесть: No food specified and couldn't find a choice in inventory!
2025-09-14 19:03:28 [ERROR] Не удалось поесть: No food specified and couldn't find a choice in inventory!
2025-09-14 19:03:29 [ERROR] Не удалось поесть: No food specified and couldn't find a choice in inventory!
2025-09-14 19:03:29 [ERROR] Не удалось поесть: No food specified and couldn't find a choice in inventory!
2025-09-14 19:03:30 [ERROR] Не удалось поесть: No food specified and couldn't find a choice in inventory!
2025-09-14 19:03:30 [ERROR] Не удалось поесть: No food specified and couldn't find a choice in inventory!
2025-09-14 19:03:31 [ERROR] Не удалось поесть: No food specified and couldn't find a choice in inventory!
2025-09-14 19:03:31 [ERROR] Не удалось поесть: No food specified and couldn't find a choice in inventory!
2025-09-14 19:03:32 [ERROR] Не удалось поесть: No food specified and couldn't find a choice in inventory!
2025-09-14 19:03:32 [ERROR] Не удалось поесть: No food specified and couldn't find a choice in inventory!
2025-09-14 19:03:33 [ERROR] Не удалось поесть: No food specified and couldn't find a choice in inventory!
2025-09-14 19:03:33 [ERROR] Не удалось поесть: No food specified and couldn't find a choice in inventory!
2025-09-14 19:03:34 [ERROR] Не удалось поесть: No food specified and couldn't find a choice in inventory!
2025-09-14 19:03:34 [ERROR] Не удалось поесть: No food specified and couldn't find a choice in inventory!
2025-09-14 19:03:35 [ERROR] Не удалось поесть: No food specified and couldn't find a choice in inventory!
2025-09-14 19:03:35 [ERROR] Не удалось поесть: No food specified and couldn't find a choice in inventory!
2025-09-14 19:03:36 [ERROR] Не удалось поесть: No food specified and couldn't find a choice in inventory!
2025-09-14 19:03:36 [ERROR] Не удалось поесть: No food specified and couldn't find a choice in inventory!
2025-09-14 19:03:37 [ERROR] Не удалось поесть: No food specified and couldn't find a choice in inventory!
2025-09-14 19:03:37 [ERROR] Не удалось поесть: No food specified and couldn't find a choice in inventory!
2025-09-14 19:03:38 [ERROR] Не удалось поесть: No food specified and couldn't find a choice in inventory!
2025-09-14 19:03:38 [ERROR] Не удалось поесть: No food specified and couldn't find a choice in inventory!
2025-09-14 19:03:39 [ERROR] Не удалось поесть: No food specified and couldn't find a choice in inventory!
2025-09-14 19:03:39 [ERROR] Не удалось поесть: No food specified and couldn't find a choice in inventory!
2025-09-14 19:03:40 [ERROR] Не удалось поесть: No food specified and couldn't find a choice in inventory!
2025-09-14 19:03:40 [ERROR] Не удалось поесть: No food specified and couldn't find a choice in inventory!
2025-09-14 19:03:48 [ERROR] Не удалось поесть: No food specified and couldn't find a choice in inventory!
2025-09-14 19:03:49 [ERROR] Не удалось поесть: No food specified and couldn't find a choice in inventory!
2025-09-14 19:03:49 [ERROR] Не удалось поесть: No food specified and couldn't find a choice in inventory!
2025-09-14 19:03:50 [ERROR] Не удалось поесть: No food specified and couldn't find a choice in inventory!
2025-09-14 19:03:50 [ERROR] Не удалось поесть: No food specified and couldn't find a choice in inventory!
2025-09-14 19:03:51 [ERROR] Не удалось поесть: No food specified and couldn't find a choice in inventory!
2025-09-14 19:03:51 [ERROR] Не удалось поесть: No food specified and couldn't find a choice in inventory!
2025-09-14 19:03:52 [ERROR] Не удалось поесть: No food specified and couldn't find a choice in inventory!
2025-09-14 19:03:52 [ERROR] Не удалось поесть: No food specified and couldn't find a choice in inventory!
2025-09-14 19:03:53 [ERROR] Не удалось поесть: No food specified and couldn't find a choice in inventory!
2025-09-14 19:03:53 [ERROR] Не удалось поесть: No food specified and couldn't find a choice in inventory!
2025-09-14 19:03:54 [ERROR] Не удалось поесть: No food specified and couldn't find a choice in inventory!
2025-09-14 19:03:54 [ERROR] Не удалось поесть: No food specified and couldn't find a choice in inventory!
2025-09-14 19:03:55 [ERROR] Не удалось поесть: No food specified and couldn't find a choice in inventory!
2025-09-14 19:03:55 [ERROR] Не удалось поесть: No food specified and couldn't find a choice in inventory!
2025-09-14 19:03:56 [ERROR] Не удалось поесть: No food specified and couldn't find a choice in inventory!
2025-09-14 19:03:56 [ERROR] Не удалось поесть: No food specified and couldn't find a choice in inventory!
2025-09-14 19:03:57 [ERROR] Не удалось поесть: No food specified and couldn't find a choice in inventory!
2025-09-14 19:03:57 [ERROR] Не удалось поесть: No food specified and couldn't find a choice in inventory!
2025-09-14 19:42:54 [ERROR] Ошибка бота: {"code":"ECONNREFUSED"}
